<!DOCTYPE html PUBLIC "-//W3C//DTD XHTML 1.1//EN" "https://www.w3.org/TR/xhtml11/DTD/xhtml11.dtd">
<html xmlns="https://www.w3.org/1999/xhtml">
<head>
<meta http-equiv="content-type" content="text/html; charset=UTF-8"/>
<title>TestNG Report</title>
<style type="text/css">table {margin-bottom:10px;border-collapse:collapse;empty-cells:show}th,td {border:1px solid #009;padding:.25em .5em}th {vertical-align:bottom}td {vertical-align:top}table a {font-weight:bold}.stripe td {background-color: #E6EBF9}.num {text-align:right}.passedodd td {background-color: #3F3}.passedeven td {background-color: #0A0}.skippedodd td {background-color: #DDD}.skippedeven td {background-color: #CCC}.failedodd td,.attn {background-color: #F33}.failedeven td,.stripe .attn {background-color: #D00}.stacktrace {white-space:pre;font-family:monospace}.totop {font-size:85%;text-align:center;border-bottom:2px solid #000}.invisible {display:none}</style>
</head>
<body>
<table>
<tr><th>Test</th><th># Passed</th><th># Skipped</th><th># Retried</th><th># Failed</th><th>Time (ms)</th><th>Included Groups</th><th>Excluded Groups</th></tr>
<tr><th colspan="8">jbkQASuite</th></tr>
<tr><td><a href="#t0">QuizApp Test</a></td><td class="num">17</td><td class="num">0</td><td class="num">0</td><td class="num attn">11</td><td class="num">6,015,751</td><td></td><td></td></tr>
</table>
<table id='summary'><thead><tr><th>Class</th><th>Method</th><th>Start</th><th>Time (ms)</th></tr></thead><tbody><tr><th colspan="4">jbkQASuite</th></tr></tbody><tbody id="t0"><tr><th colspan="4">QuizApp Test &#8212; failed</th></tr><tr class="failedeven"><td rowspan="2">com.jbkqa.testCases.TC_02_LoginDataDrivenTest</td><td><a href="#m0">LoginDataDrivenTest</a></td><td rowspan="2">1689740082962</td><td rowspan="2">9887</td></tr><tr class="failedeven"><td><a href="#m1">LoginDataDrivenTest</a></td></tr><tr class="failedodd"><td rowspan="1">com.jbkqa.testCases.TC_31_ProfileUpdateTest</td><td><a href="#m2">profileUpdate</a></td><td rowspan="1">1689745871505</td><td rowspan="1">22707</td></tr><tr class="failedeven"><td rowspan="8">com.jbkqa.testCases.TC_32_SignUpDataDrivenTest</td><td><a href="#m3">SignUpDataDrivenTest</a></td><td rowspan="8">1689745960294</td><td rowspan="8">20339</td></tr><tr class="failedeven"><td><a href="#m4">SignUpDataDrivenTest</a></td></tr><tr class="failedeven"><td><a href="#m5">SignUpDataDrivenTest</a></td></tr><tr class="failedeven"><td><a href="#m6">SignUpDataDrivenTest</a></td></tr><tr class="failedeven"><td><a href="#m7">SignUpDataDrivenTest</a></td></tr><tr class="failedeven"><td><a href="#m8">SignUpDataDrivenTest</a></td></tr><tr class="failedeven"><td><a href="#m9">SignUpDataDrivenTest</a></td></tr><tr class="failedeven"><td><a href="#m10">SignUpDataDrivenTest</a></td></tr><tr><th colspan="4">QuizApp Test &#8212; passed</th></tr><tr class="passedeven"><td rowspan="1">com.jbkqa.testCases.TC_01_LoginTest</td><td><a href="#m11">loginTest</a></td><td rowspan="1">1689740054272</td><td rowspan="1">11379</td></tr><tr class="passedodd"><td rowspan="2">com.jbkqa.testCases.TC_02_LoginDataDrivenTest</td><td><a href="#m12">LoginDataDrivenTest</a></td><td rowspan="2">1689740093047</td><td rowspan="2">12908</td></tr><tr class="passedodd"><td><a href="#m13">LoginDataDrivenTest</a></td></tr><tr class="passedeven"><td rowspan="1">com.jbkqa.testCases.TC_17_PlacementQuizTestForAll_102025QueOptions</td><td><a href="#m14">PlacementQuizTest</a></td><td rowspan="1">1689740117422</td><td rowspan="1">97926</td></tr><tr class="passedodd"><td rowspan="1">com.jbkqa.testCases.TC_18_TestttttQuizTestForAll_102025QueOptions</td><td><a href="#m15">TestttttQuizTest</a></td><td rowspan="1">1689740216733</td><td rowspan="1">105645</td></tr><tr class="passedeven"><td rowspan="1">com.jbkqa.testCases.TC_19_JavaCertQuizTestForAll_102025QueOptions</td><td><a href="#m16">JavaCertQuizTest</a></td><td rowspan="1">1689740323873</td><td rowspan="1">2811021</td></tr><tr class="passedodd"><td rowspan="1">com.jbkqa.testCases.TC_20_AptitudeQuizTestForAll_102025QueOptions</td><td><a href="#m17">AptitudeQuizTest</a></td><td rowspan="1">1689743136363</td><td rowspan="1">231574</td></tr><tr class="passedeven"><td rowspan="1">com.jbkqa.testCases.TC_21_LogicalReasoningQuizTestForAll_102025QueOptions</td><td><a href="#m18">LogicalReasoningQuizTest</a></td><td rowspan="1">1689743369313</td><td rowspan="1">26364</td></tr><tr class="passedodd"><td rowspan="1">com.jbkqa.testCases.TC_22_GeneralKnowledgeQuizTestForAll_102025QueOptions</td><td><a href="#m19">GeneralKnowledgeQuizTest</a></td><td rowspan="1">1689743397043</td><td rowspan="1">51081</td></tr><tr class="passedeven"><td rowspan="1">com.jbkqa.testCases.TC_23_VerbalTestQuizForAll_102025QueOptions</td><td><a href="#m20">VerbalTestQuizTest</a></td><td rowspan="1">1689743449499</td><td rowspan="1">51454</td></tr><tr class="passedodd"><td rowspan="1">com.jbkqa.testCases.TC_24_ArithmeticAptitudeQuizForAll_102025QueOptions</td><td><a href="#m21">ArithmeticAptitudeQuizTest</a></td><td rowspan="1">1689743502364</td><td rowspan="1">1425400</td></tr><tr class="passedeven"><td rowspan="1">com.jbkqa.testCases.TC_25_Angular8QuizTestForAll_102025QueOptions</td><td><a href="#m22">Angular8QuizTest</a></td><td rowspan="1">1689744929256</td><td rowspan="1">184999</td></tr><tr class="passedodd"><td rowspan="1">com.jbkqa.testCases.TC_26_TestingQuizTestForAll_102025QueOptions</td><td><a href="#m23">TestingQuizTest</a></td><td rowspan="1">1689745115596</td><td rowspan="1">41016</td></tr><tr class="passedeven"><td rowspan="1">com.jbkqa.testCases.TC_27_MySQLQuizTestForAll_102025QueOptions</td><td><a href="#m24">MySQLQuizTest</a></td><td rowspan="1">1689745157963</td><td rowspan="1">217227</td></tr><tr class="passedodd"><td rowspan="1">com.jbkqa.testCases.TC_28_JavaQuizTestForAll_102025QueOptions</td><td><a href="#m25">JavaQuizTest</a></td><td rowspan="1">1689745376602</td><td rowspan="1">44842</td></tr><tr class="passedeven"><td rowspan="1">com.jbkqa.testCases.TC_29_PythonQuizTestForAll_102025QueOptions</td><td><a href="#m26">PythonQuizTest</a></td><td rowspan="1">1689745422818</td><td rowspan="1">305284</td></tr><tr class="passedodd"><td rowspan="1">com.jbkqa.testCases.TC_30_OnDemandQuizTestForAll_102025QueOptions</td><td><a href="#m27">OnDemandQuizTest</a></td><td rowspan="1">1689745729487</td><td rowspan="1">140606</td></tr></tbody>
</table>
<h2>QuizApp Test</h2><h3 id="m0">com.jbkqa.testCases.TC_02_LoginDataDrivenTest#LoginDataDrivenTest</h3><table class="result"><tr class="param"><th>Parameter #1</th></tr><tr class="param stripe"><td>1982387456</td></tr><tr><th>Exception</th></tr><tr><td><div class="stacktrace">org.openqa.selenium.ElementNotInteractableException: element not interactable
  (Session info: chrome=114.0.5735.198)
Build info: version: &apos;4.10.0&apos;, revision: &apos;c14d967899&apos;
System info: os.name: &apos;Mac OS X&apos;, os.arch: &apos;aarch64&apos;, os.version: &apos;13.4.1&apos;, java.version: &apos;17.0.6&apos;
Driver info: org.openqa.selenium.chrome.ChromeDriver
Command: [04773ca44dd26361f1cf14d3dbc5040d, clickElement {id=B2C2EDF123439E3B611824CBB5A50AAE_element_115}]
Capabilities {acceptInsecureCerts: false, browserName: chrome, browserVersion: 114.0.5735.198, chrome: {chromedriverVersion: 114.0.5735.90 (386bc09e8f4f..., userDataDir: /var/folders/fs/n37ljzgx7g7...}, goog:chromeOptions: {debuggerAddress: localhost:64752}, networkConnectionEnabled: false, pageLoadStrategy: normal, platformName: mac, proxy: Proxy(), se:cdp: ws://localhost:64752/devtoo..., se:cdpVersion: 114.0.5735.198, setWindowRect: true, strictFileInteractability: false, timeouts: {implicit: 0, pageLoad: 300000, script: 30000}, unhandledPromptBehavior: dismiss and notify, webauthn:extension:credBlob: true, webauthn:extension:largeBlob: true, webauthn:extension:minPinLength: true, webauthn:extension:prf: true, webauthn:virtualAuthenticators: true}
Element: [[ChromeDriver: chrome on mac (04773ca44dd26361f1cf14d3dbc5040d)] -&gt; xpath: //a[contains(@href,&apos;/dashboard&apos;)]]
Session ID: 04773ca44dd26361f1cf14d3dbc5040d
	at org.openqa.selenium.remote.codec.w3c.W3CHttpResponseCodec.createException(W3CHttpResponseCodec.java:199)
	at org.openqa.selenium.remote.codec.w3c.W3CHttpResponseCodec.decode(W3CHttpResponseCodec.java:132)
	at org.openqa.selenium.remote.codec.w3c.W3CHttpResponseCodec.decode(W3CHttpResponseCodec.java:51)
	at org.openqa.selenium.remote.HttpCommandExecutor.execute(HttpCommandExecutor.java:191)
	at org.openqa.selenium.remote.service.DriverCommandExecutor.invokeExecute(DriverCommandExecutor.java:196)
	at org.openqa.selenium.remote.service.DriverCommandExecutor.execute(DriverCommandExecutor.java:171)
	at org.openqa.selenium.remote.RemoteWebDriver.execute(RemoteWebDriver.java:531)
	at org.openqa.selenium.remote.RemoteWebElement.execute(RemoteWebElement.java:242)
	at org.openqa.selenium.remote.RemoteWebElement.click(RemoteWebElement.java:77)
	at org.openqa.selenium.support.pagefactory.internal.LocatingElementHandler.invoke(LocatingElementHandler.java:51)
	at jdk.proxy2/jdk.proxy2.$Proxy22.click(Unknown Source)
	at com.jbkqa.pageObjects.LoginPage.dashboardPage(LoginPage.java:77)
	at com.jbkqa.testCases.TC_02_LoginDataDrivenTest.LoginDataDrivenTest(TC_02_LoginDataDrivenTest.java:25)
	at java.base/java.util.ArrayList.forEach(ArrayList.java:1511)
... Removed 36 stack frames</div></td></tr></table><p class="totop"><a href="#summary">back to summary</a></p>
<h3 id="m1">com.jbkqa.testCases.TC_02_LoginDataDrivenTest#LoginDataDrivenTest</h3><table class="result"><tr class="param"><th>Parameter #1</th></tr><tr class="param stripe"><td>8734561290</td></tr><tr><th>Exception</th></tr><tr><td><div class="stacktrace">org.openqa.selenium.ElementNotInteractableException: element not interactable
  (Session info: chrome=114.0.5735.198)
Build info: version: &apos;4.10.0&apos;, revision: &apos;c14d967899&apos;
System info: os.name: &apos;Mac OS X&apos;, os.arch: &apos;aarch64&apos;, os.version: &apos;13.4.1&apos;, java.version: &apos;17.0.6&apos;
Driver info: org.openqa.selenium.chrome.ChromeDriver
Command: [04773ca44dd26361f1cf14d3dbc5040d, clickElement {id=1873F4A34EDA52F3B938FBB1E0CF7D0F_element_195}]
Capabilities {acceptInsecureCerts: false, browserName: chrome, browserVersion: 114.0.5735.198, chrome: {chromedriverVersion: 114.0.5735.90 (386bc09e8f4f..., userDataDir: /var/folders/fs/n37ljzgx7g7...}, goog:chromeOptions: {debuggerAddress: localhost:64752}, networkConnectionEnabled: false, pageLoadStrategy: normal, platformName: mac, proxy: Proxy(), se:cdp: ws://localhost:64752/devtoo..., se:cdpVersion: 114.0.5735.198, setWindowRect: true, strictFileInteractability: false, timeouts: {implicit: 0, pageLoad: 300000, script: 30000}, unhandledPromptBehavior: dismiss and notify, webauthn:extension:credBlob: true, webauthn:extension:largeBlob: true, webauthn:extension:minPinLength: true, webauthn:extension:prf: true, webauthn:virtualAuthenticators: true}
Element: [[ChromeDriver: chrome on mac (04773ca44dd26361f1cf14d3dbc5040d)] -&gt; xpath: //a[contains(@href,&apos;/dashboard&apos;)]]
Session ID: 04773ca44dd26361f1cf14d3dbc5040d
	at org.openqa.selenium.remote.codec.w3c.W3CHttpResponseCodec.createException(W3CHttpResponseCodec.java:199)
	at org.openqa.selenium.remote.codec.w3c.W3CHttpResponseCodec.decode(W3CHttpResponseCodec.java:132)
	at org.openqa.selenium.remote.codec.w3c.W3CHttpResponseCodec.decode(W3CHttpResponseCodec.java:51)
	at org.openqa.selenium.remote.HttpCommandExecutor.execute(HttpCommandExecutor.java:191)
	at org.openqa.selenium.remote.service.DriverCommandExecutor.invokeExecute(DriverCommandExecutor.java:196)
	at org.openqa.selenium.remote.service.DriverCommandExecutor.execute(DriverCommandExecutor.java:171)
	at org.openqa.selenium.remote.RemoteWebDriver.execute(RemoteWebDriver.java:531)
	at org.openqa.selenium.remote.RemoteWebElement.execute(RemoteWebElement.java:242)
	at org.openqa.selenium.remote.RemoteWebElement.click(RemoteWebElement.java:77)
	at org.openqa.selenium.support.pagefactory.internal.LocatingElementHandler.invoke(LocatingElementHandler.java:51)
	at jdk.proxy2/jdk.proxy2.$Proxy22.click(Unknown Source)
	at com.jbkqa.pageObjects.LoginPage.dashboardPage(LoginPage.java:77)
	at com.jbkqa.testCases.TC_02_LoginDataDrivenTest.LoginDataDrivenTest(TC_02_LoginDataDrivenTest.java:25)
	at java.base/java.util.ArrayList.forEach(ArrayList.java:1511)
... Removed 35 stack frames</div></td></tr></table><p class="totop"><a href="#summary">back to summary</a></p>
<h3 id="m2">com.jbkqa.testCases.TC_31_ProfileUpdateTest#profileUpdate</h3><table class="result"><tr><th>Exception</th></tr><tr><td><div class="stacktrace">java.lang.AssertionError: Profile name field does not updated under welcome message. expected [Welcome Ovi Rohankar,] but found [Welcome Ovee Rohankar,]
	at com.jbkqa.testCases.TC_31_ProfileUpdateTest.profileUpdate(TC_31_ProfileUpdateTest.java:55)
	at java.base/java.util.ArrayList.forEach(ArrayList.java:1511)
... Removed 32 stack frames</div></td></tr></table><p class="totop"><a href="#summary">back to summary</a></p>
<h3 id="m3">com.jbkqa.testCases.TC_32_SignUpDataDrivenTest#SignUpDataDrivenTest</h3><table class="result"><tr class="param"><th>Parameter #1</th><th>Parameter #2</th><th>Parameter #3</th></tr><tr class="param stripe"><td></td><td>rohan@gmail.com</td><td>3000049804</td></tr><tr><th colspan="3">Exception</th></tr><tr><td colspan="3"><div class="stacktrace">org.openqa.selenium.ElementNotInteractableException: element not interactable
  (Session info: chrome=114.0.5735.198)
Build info: version: &apos;4.10.0&apos;, revision: &apos;c14d967899&apos;
System info: os.name: &apos;Mac OS X&apos;, os.arch: &apos;aarch64&apos;, os.version: &apos;13.4.1&apos;, java.version: &apos;17.0.6&apos;
Driver info: org.openqa.selenium.chrome.ChromeDriver
Command: [2d1f3545531f3b374f9e2492635e766b, clickElement {id=423FEE971D11A8C8E3A3FC5307AE746F_element_131}]
Capabilities {acceptInsecureCerts: false, browserName: chrome, browserVersion: 114.0.5735.198, chrome: {chromedriverVersion: 114.0.5735.90 (386bc09e8f4f..., userDataDir: /var/folders/fs/n37ljzgx7g7...}, goog:chromeOptions: {debuggerAddress: localhost:56014}, networkConnectionEnabled: false, pageLoadStrategy: normal, platformName: mac, proxy: Proxy(), se:cdp: ws://localhost:56014/devtoo..., se:cdpVersion: 114.0.5735.198, setWindowRect: true, strictFileInteractability: false, timeouts: {implicit: 0, pageLoad: 300000, script: 30000}, unhandledPromptBehavior: dismiss and notify, webauthn:extension:credBlob: true, webauthn:extension:largeBlob: true, webauthn:extension:minPinLength: true, webauthn:extension:prf: true, webauthn:virtualAuthenticators: true}
Element: [[ChromeDriver: chrome on mac (2d1f3545531f3b374f9e2492635e766b)] -&gt; xpath: //a[contains(@href,&apos;/dashboard&apos;)]]
Session ID: 2d1f3545531f3b374f9e2492635e766b
	at org.openqa.selenium.remote.codec.w3c.W3CHttpResponseCodec.createException(W3CHttpResponseCodec.java:199)
	at org.openqa.selenium.remote.codec.w3c.W3CHttpResponseCodec.decode(W3CHttpResponseCodec.java:132)
	at org.openqa.selenium.remote.codec.w3c.W3CHttpResponseCodec.decode(W3CHttpResponseCodec.java:51)
	at org.openqa.selenium.remote.HttpCommandExecutor.execute(HttpCommandExecutor.java:191)
	at org.openqa.selenium.remote.service.DriverCommandExecutor.invokeExecute(DriverCommandExecutor.java:196)
	at org.openqa.selenium.remote.service.DriverCommandExecutor.execute(DriverCommandExecutor.java:171)
	at org.openqa.selenium.remote.RemoteWebDriver.execute(RemoteWebDriver.java:531)
	at org.openqa.selenium.remote.RemoteWebElement.execute(RemoteWebElement.java:242)
	at org.openqa.selenium.remote.RemoteWebElement.click(RemoteWebElement.java:77)
	at org.openqa.selenium.support.pagefactory.internal.LocatingElementHandler.invoke(LocatingElementHandler.java:51)
	at jdk.proxy2/jdk.proxy2.$Proxy22.click(Unknown Source)
	at com.jbkqa.pageObjects.SignUpPage.dashboardPage(SignUpPage.java:121)
	at com.jbkqa.testCases.TC_32_SignUpDataDrivenTest.SignUpDataDrivenTest(TC_32_SignUpDataDrivenTest.java:54)
	at java.base/java.util.ArrayList.forEach(ArrayList.java:1511)
... Removed 35 stack frames</div></td></tr></table><p class="totop"><a href="#summary">back to summary</a></p>
<h3 id="m4">com.jbkqa.testCases.TC_32_SignUpDataDrivenTest#SignUpDataDrivenTest</h3><table class="result"><tr class="param"><th>Parameter #1</th><th>Parameter #2</th><th>Parameter #3</th></tr><tr class="param stripe"><td>Ab Patil</td><td>abh.pt@gmail.com</td><td>8341912388</td></tr><tr><th colspan="3">Exception</th></tr><tr><td colspan="3"><div class="stacktrace">org.openqa.selenium.ElementNotInteractableException: element not interactable
  (Session info: chrome=114.0.5735.198)
Build info: version: &apos;4.10.0&apos;, revision: &apos;c14d967899&apos;
System info: os.name: &apos;Mac OS X&apos;, os.arch: &apos;aarch64&apos;, os.version: &apos;13.4.1&apos;, java.version: &apos;17.0.6&apos;
Driver info: org.openqa.selenium.chrome.ChromeDriver
Command: [2d1f3545531f3b374f9e2492635e766b, clickElement {id=E89621CD1DEB28BA4ABE7E8E260F12D9_element_81}]
Capabilities {acceptInsecureCerts: false, browserName: chrome, browserVersion: 114.0.5735.198, chrome: {chromedriverVersion: 114.0.5735.90 (386bc09e8f4f..., userDataDir: /var/folders/fs/n37ljzgx7g7...}, goog:chromeOptions: {debuggerAddress: localhost:56014}, networkConnectionEnabled: false, pageLoadStrategy: normal, platformName: mac, proxy: Proxy(), se:cdp: ws://localhost:56014/devtoo..., se:cdpVersion: 114.0.5735.198, setWindowRect: true, strictFileInteractability: false, timeouts: {implicit: 0, pageLoad: 300000, script: 30000}, unhandledPromptBehavior: dismiss and notify, webauthn:extension:credBlob: true, webauthn:extension:largeBlob: true, webauthn:extension:minPinLength: true, webauthn:extension:prf: true, webauthn:virtualAuthenticators: true}
Element: [[ChromeDriver: chrome on mac (2d1f3545531f3b374f9e2492635e766b)] -&gt; xpath: //a[contains(@href,&apos;/dashboard&apos;)]]
Session ID: 2d1f3545531f3b374f9e2492635e766b
	at org.openqa.selenium.remote.codec.w3c.W3CHttpResponseCodec.createException(W3CHttpResponseCodec.java:199)
	at org.openqa.selenium.remote.codec.w3c.W3CHttpResponseCodec.decode(W3CHttpResponseCodec.java:132)
	at org.openqa.selenium.remote.codec.w3c.W3CHttpResponseCodec.decode(W3CHttpResponseCodec.java:51)
	at org.openqa.selenium.remote.HttpCommandExecutor.execute(HttpCommandExecutor.java:191)
	at org.openqa.selenium.remote.service.DriverCommandExecutor.invokeExecute(DriverCommandExecutor.java:196)
	at org.openqa.selenium.remote.service.DriverCommandExecutor.execute(DriverCommandExecutor.java:171)
	at org.openqa.selenium.remote.RemoteWebDriver.execute(RemoteWebDriver.java:531)
	at org.openqa.selenium.remote.RemoteWebElement.execute(RemoteWebElement.java:242)
	at org.openqa.selenium.remote.RemoteWebElement.click(RemoteWebElement.java:77)
	at org.openqa.selenium.support.pagefactory.internal.LocatingElementHandler.invoke(LocatingElementHandler.java:51)
	at jdk.proxy2/jdk.proxy2.$Proxy22.click(Unknown Source)
	at com.jbkqa.pageObjects.SignUpPage.dashboardPage(SignUpPage.java:121)
	at com.jbkqa.testCases.TC_32_SignUpDataDrivenTest.SignUpDataDrivenTest(TC_32_SignUpDataDrivenTest.java:54)
	at java.base/java.util.ArrayList.forEach(ArrayList.java:1511)
... Removed 35 stack frames</div></td></tr></table><p class="totop"><a href="#summary">back to summary</a></p>
<h3 id="m5">com.jbkqa.testCases.TC_32_SignUpDataDrivenTest#SignUpDataDrivenTest</h3><table class="result"><tr class="param"><th>Parameter #1</th><th>Parameter #2</th><th>Parameter #3</th></tr><tr class="param stripe"><td>Ram Krishna</td><td>ram.k@gmail.com</td><td>5561787994</td></tr><tr><th colspan="3">Exception</th></tr><tr><td colspan="3"><div class="stacktrace">org.openqa.selenium.ElementNotInteractableException: element not interactable
  (Session info: chrome=114.0.5735.198)
Build info: version: &apos;4.10.0&apos;, revision: &apos;c14d967899&apos;
System info: os.name: &apos;Mac OS X&apos;, os.arch: &apos;aarch64&apos;, os.version: &apos;13.4.1&apos;, java.version: &apos;17.0.6&apos;
Driver info: org.openqa.selenium.chrome.ChromeDriver
Command: [2d1f3545531f3b374f9e2492635e766b, clickElement {id=03024E45E7AA57769898B1BC33AB587C_element_55}]
Capabilities {acceptInsecureCerts: false, browserName: chrome, browserVersion: 114.0.5735.198, chrome: {chromedriverVersion: 114.0.5735.90 (386bc09e8f4f..., userDataDir: /var/folders/fs/n37ljzgx7g7...}, goog:chromeOptions: {debuggerAddress: localhost:56014}, networkConnectionEnabled: false, pageLoadStrategy: normal, platformName: mac, proxy: Proxy(), se:cdp: ws://localhost:56014/devtoo..., se:cdpVersion: 114.0.5735.198, setWindowRect: true, strictFileInteractability: false, timeouts: {implicit: 0, pageLoad: 300000, script: 30000}, unhandledPromptBehavior: dismiss and notify, webauthn:extension:credBlob: true, webauthn:extension:largeBlob: true, webauthn:extension:minPinLength: true, webauthn:extension:prf: true, webauthn:virtualAuthenticators: true}
Element: [[ChromeDriver: chrome on mac (2d1f3545531f3b374f9e2492635e766b)] -&gt; xpath: //a[contains(@href,&apos;/dashboard&apos;)]]
Session ID: 2d1f3545531f3b374f9e2492635e766b
	at org.openqa.selenium.remote.codec.w3c.W3CHttpResponseCodec.createException(W3CHttpResponseCodec.java:199)
	at org.openqa.selenium.remote.codec.w3c.W3CHttpResponseCodec.decode(W3CHttpResponseCodec.java:132)
	at org.openqa.selenium.remote.codec.w3c.W3CHttpResponseCodec.decode(W3CHttpResponseCodec.java:51)
	at org.openqa.selenium.remote.HttpCommandExecutor.execute(HttpCommandExecutor.java:191)
	at org.openqa.selenium.remote.service.DriverCommandExecutor.invokeExecute(DriverCommandExecutor.java:196)
	at org.openqa.selenium.remote.service.DriverCommandExecutor.execute(DriverCommandExecutor.java:171)
	at org.openqa.selenium.remote.RemoteWebDriver.execute(RemoteWebDriver.java:531)
	at org.openqa.selenium.remote.RemoteWebElement.execute(RemoteWebElement.java:242)
	at org.openqa.selenium.remote.RemoteWebElement.click(RemoteWebElement.java:77)
	at org.openqa.selenium.support.pagefactory.internal.LocatingElementHandler.invoke(LocatingElementHandler.java:51)
	at jdk.proxy2/jdk.proxy2.$Proxy22.click(Unknown Source)
	at com.jbkqa.pageObjects.SignUpPage.dashboardPage(SignUpPage.java:121)
	at com.jbkqa.testCases.TC_32_SignUpDataDrivenTest.SignUpDataDrivenTest(TC_32_SignUpDataDrivenTest.java:54)
	at java.base/java.util.ArrayList.forEach(ArrayList.java:1511)
... Removed 35 stack frames</div></td></tr></table><p class="totop"><a href="#summary">back to summary</a></p>
<h3 id="m6">com.jbkqa.testCases.TC_32_SignUpDataDrivenTest#SignUpDataDrivenTest</h3><table class="result"><tr class="param"><th>Parameter #1</th><th>Parameter #2</th><th>Parameter #3</th></tr><tr class="param stripe"><td>UserNameNew</td><td>user.new@rediff.com</td><td>6658022996</td></tr><tr><th colspan="3">Exception</th></tr><tr><td colspan="3"><div class="stacktrace">org.openqa.selenium.ElementNotInteractableException: element not interactable
  (Session info: chrome=114.0.5735.198)
Build info: version: &apos;4.10.0&apos;, revision: &apos;c14d967899&apos;
System info: os.name: &apos;Mac OS X&apos;, os.arch: &apos;aarch64&apos;, os.version: &apos;13.4.1&apos;, java.version: &apos;17.0.6&apos;
Driver info: org.openqa.selenium.chrome.ChromeDriver
Command: [2d1f3545531f3b374f9e2492635e766b, clickElement {id=0AE8B85A17E115E4922EBF289EC8A2AE_element_106}]
Capabilities {acceptInsecureCerts: false, browserName: chrome, browserVersion: 114.0.5735.198, chrome: {chromedriverVersion: 114.0.5735.90 (386bc09e8f4f..., userDataDir: /var/folders/fs/n37ljzgx7g7...}, goog:chromeOptions: {debuggerAddress: localhost:56014}, networkConnectionEnabled: false, pageLoadStrategy: normal, platformName: mac, proxy: Proxy(), se:cdp: ws://localhost:56014/devtoo..., se:cdpVersion: 114.0.5735.198, setWindowRect: true, strictFileInteractability: false, timeouts: {implicit: 0, pageLoad: 300000, script: 30000}, unhandledPromptBehavior: dismiss and notify, webauthn:extension:credBlob: true, webauthn:extension:largeBlob: true, webauthn:extension:minPinLength: true, webauthn:extension:prf: true, webauthn:virtualAuthenticators: true}
Element: [[ChromeDriver: chrome on mac (2d1f3545531f3b374f9e2492635e766b)] -&gt; xpath: //a[contains(@href,&apos;/dashboard&apos;)]]
Session ID: 2d1f3545531f3b374f9e2492635e766b
	at org.openqa.selenium.remote.codec.w3c.W3CHttpResponseCodec.createException(W3CHttpResponseCodec.java:199)
	at org.openqa.selenium.remote.codec.w3c.W3CHttpResponseCodec.decode(W3CHttpResponseCodec.java:132)
	at org.openqa.selenium.remote.codec.w3c.W3CHttpResponseCodec.decode(W3CHttpResponseCodec.java:51)
	at org.openqa.selenium.remote.HttpCommandExecutor.execute(HttpCommandExecutor.java:191)
	at org.openqa.selenium.remote.service.DriverCommandExecutor.invokeExecute(DriverCommandExecutor.java:196)
	at org.openqa.selenium.remote.service.DriverCommandExecutor.execute(DriverCommandExecutor.java:171)
	at org.openqa.selenium.remote.RemoteWebDriver.execute(RemoteWebDriver.java:531)
	at org.openqa.selenium.remote.RemoteWebElement.execute(RemoteWebElement.java:242)
	at org.openqa.selenium.remote.RemoteWebElement.click(RemoteWebElement.java:77)
	at org.openqa.selenium.support.pagefactory.internal.LocatingElementHandler.invoke(LocatingElementHandler.java:51)
	at jdk.proxy2/jdk.proxy2.$Proxy22.click(Unknown Source)
	at com.jbkqa.pageObjects.SignUpPage.dashboardPage(SignUpPage.java:121)
	at com.jbkqa.testCases.TC_32_SignUpDataDrivenTest.SignUpDataDrivenTest(TC_32_SignUpDataDrivenTest.java:54)
	at java.base/java.util.ArrayList.forEach(ArrayList.java:1511)
... Removed 35 stack frames</div></td></tr></table><p class="totop"><a href="#summary">back to summary</a></p>
<h3 id="m7">com.jbkqa.testCases.TC_32_SignUpDataDrivenTest#SignUpDataDrivenTest</h3><table class="result"><tr class="param"><th>Parameter #1</th><th>Parameter #2</th><th>Parameter #3</th></tr><tr class="param stripe"><td>Rita</td><td>rita@rediffmail.com</td><td>8780224356</td></tr><tr><th colspan="3">Exception</th></tr><tr><td colspan="3"><div class="stacktrace">org.openqa.selenium.ElementNotInteractableException: element not interactable
  (Session info: chrome=114.0.5735.198)
Build info: version: &apos;4.10.0&apos;, revision: &apos;c14d967899&apos;
System info: os.name: &apos;Mac OS X&apos;, os.arch: &apos;aarch64&apos;, os.version: &apos;13.4.1&apos;, java.version: &apos;17.0.6&apos;
Driver info: org.openqa.selenium.chrome.ChromeDriver
Command: [2d1f3545531f3b374f9e2492635e766b, clickElement {id=0D7AB4CCA78DA405DCD554B55A82CC57_element_228}]
Capabilities {acceptInsecureCerts: false, browserName: chrome, browserVersion: 114.0.5735.198, chrome: {chromedriverVersion: 114.0.5735.90 (386bc09e8f4f..., userDataDir: /var/folders/fs/n37ljzgx7g7...}, goog:chromeOptions: {debuggerAddress: localhost:56014}, networkConnectionEnabled: false, pageLoadStrategy: normal, platformName: mac, proxy: Proxy(), se:cdp: ws://localhost:56014/devtoo..., se:cdpVersion: 114.0.5735.198, setWindowRect: true, strictFileInteractability: false, timeouts: {implicit: 0, pageLoad: 300000, script: 30000}, unhandledPromptBehavior: dismiss and notify, webauthn:extension:credBlob: true, webauthn:extension:largeBlob: true, webauthn:extension:minPinLength: true, webauthn:extension:prf: true, webauthn:virtualAuthenticators: true}
Element: [[ChromeDriver: chrome on mac (2d1f3545531f3b374f9e2492635e766b)] -&gt; xpath: //a[contains(@href,&apos;/dashboard&apos;)]]
Session ID: 2d1f3545531f3b374f9e2492635e766b
	at org.openqa.selenium.remote.codec.w3c.W3CHttpResponseCodec.createException(W3CHttpResponseCodec.java:199)
	at org.openqa.selenium.remote.codec.w3c.W3CHttpResponseCodec.decode(W3CHttpResponseCodec.java:132)
	at org.openqa.selenium.remote.codec.w3c.W3CHttpResponseCodec.decode(W3CHttpResponseCodec.java:51)
	at org.openqa.selenium.remote.HttpCommandExecutor.execute(HttpCommandExecutor.java:191)
	at org.openqa.selenium.remote.service.DriverCommandExecutor.invokeExecute(DriverCommandExecutor.java:196)
	at org.openqa.selenium.remote.service.DriverCommandExecutor.execute(DriverCommandExecutor.java:171)
	at org.openqa.selenium.remote.RemoteWebDriver.execute(RemoteWebDriver.java:531)
	at org.openqa.selenium.remote.RemoteWebElement.execute(RemoteWebElement.java:242)
	at org.openqa.selenium.remote.RemoteWebElement.click(RemoteWebElement.java:77)
	at org.openqa.selenium.support.pagefactory.internal.LocatingElementHandler.invoke(LocatingElementHandler.java:51)
	at jdk.proxy2/jdk.proxy2.$Proxy22.click(Unknown Source)
	at com.jbkqa.pageObjects.SignUpPage.dashboardPage(SignUpPage.java:121)
	at com.jbkqa.testCases.TC_32_SignUpDataDrivenTest.SignUpDataDrivenTest(TC_32_SignUpDataDrivenTest.java:54)
	at java.base/java.util.ArrayList.forEach(ArrayList.java:1511)
... Removed 35 stack frames</div></td></tr></table><p class="totop"><a href="#summary">back to summary</a></p>
<h3 id="m8">com.jbkqa.testCases.TC_32_SignUpDataDrivenTest#SignUpDataDrivenTest</h3><table class="result"><tr class="param"><th>Parameter #1</th><th>Parameter #2</th><th>Parameter #3</th></tr><tr class="param stripe"><td>2468Sita</td><td>2468Sita@gmail.com</td><td>8009912340</td></tr><tr><th colspan="3">Exception</th></tr><tr><td colspan="3"><div class="stacktrace">org.openqa.selenium.ElementNotInteractableException: element not interactable
  (Session info: chrome=114.0.5735.198)
Build info: version: &apos;4.10.0&apos;, revision: &apos;c14d967899&apos;
System info: os.name: &apos;Mac OS X&apos;, os.arch: &apos;aarch64&apos;, os.version: &apos;13.4.1&apos;, java.version: &apos;17.0.6&apos;
Driver info: org.openqa.selenium.chrome.ChromeDriver
Command: [2d1f3545531f3b374f9e2492635e766b, clickElement {id=AA5E983AB7B6DB41BAF3C0658AA91BBE_element_178}]
Capabilities {acceptInsecureCerts: false, browserName: chrome, browserVersion: 114.0.5735.198, chrome: {chromedriverVersion: 114.0.5735.90 (386bc09e8f4f..., userDataDir: /var/folders/fs/n37ljzgx7g7...}, goog:chromeOptions: {debuggerAddress: localhost:56014}, networkConnectionEnabled: false, pageLoadStrategy: normal, platformName: mac, proxy: Proxy(), se:cdp: ws://localhost:56014/devtoo..., se:cdpVersion: 114.0.5735.198, setWindowRect: true, strictFileInteractability: false, timeouts: {implicit: 0, pageLoad: 300000, script: 30000}, unhandledPromptBehavior: dismiss and notify, webauthn:extension:credBlob: true, webauthn:extension:largeBlob: true, webauthn:extension:minPinLength: true, webauthn:extension:prf: true, webauthn:virtualAuthenticators: true}
Element: [[ChromeDriver: chrome on mac (2d1f3545531f3b374f9e2492635e766b)] -&gt; xpath: //a[contains(@href,&apos;/dashboard&apos;)]]
Session ID: 2d1f3545531f3b374f9e2492635e766b
	at org.openqa.selenium.remote.codec.w3c.W3CHttpResponseCodec.createException(W3CHttpResponseCodec.java:199)
	at org.openqa.selenium.remote.codec.w3c.W3CHttpResponseCodec.decode(W3CHttpResponseCodec.java:132)
	at org.openqa.selenium.remote.codec.w3c.W3CHttpResponseCodec.decode(W3CHttpResponseCodec.java:51)
	at org.openqa.selenium.remote.HttpCommandExecutor.execute(HttpCommandExecutor.java:191)
	at org.openqa.selenium.remote.service.DriverCommandExecutor.invokeExecute(DriverCommandExecutor.java:196)
	at org.openqa.selenium.remote.service.DriverCommandExecutor.execute(DriverCommandExecutor.java:171)
	at org.openqa.selenium.remote.RemoteWebDriver.execute(RemoteWebDriver.java:531)
	at org.openqa.selenium.remote.RemoteWebElement.execute(RemoteWebElement.java:242)
	at org.openqa.selenium.remote.RemoteWebElement.click(RemoteWebElement.java:77)
	at org.openqa.selenium.support.pagefactory.internal.LocatingElementHandler.invoke(LocatingElementHandler.java:51)
	at jdk.proxy2/jdk.proxy2.$Proxy22.click(Unknown Source)
	at com.jbkqa.pageObjects.SignUpPage.dashboardPage(SignUpPage.java:121)
	at com.jbkqa.testCases.TC_32_SignUpDataDrivenTest.SignUpDataDrivenTest(TC_32_SignUpDataDrivenTest.java:54)
	at java.base/java.util.ArrayList.forEach(ArrayList.java:1511)
... Removed 35 stack frames</div></td></tr></table><p class="totop"><a href="#summary">back to summary</a></p>
<h3 id="m9">com.jbkqa.testCases.TC_32_SignUpDataDrivenTest#SignUpDataDrivenTest</h3><table class="result"><tr class="param"><th>Parameter #1</th><th>Parameter #2</th><th>Parameter #3</th></tr><tr class="param stripe"><td>Pranav Raj</td><td>pranav@gmail.com</td><td>6976015834</td></tr><tr><th colspan="3">Exception</th></tr><tr><td colspan="3"><div class="stacktrace">org.openqa.selenium.ElementNotInteractableException: element not interactable
  (Session info: chrome=114.0.5735.198)
Build info: version: &apos;4.10.0&apos;, revision: &apos;c14d967899&apos;
System info: os.name: &apos;Mac OS X&apos;, os.arch: &apos;aarch64&apos;, os.version: &apos;13.4.1&apos;, java.version: &apos;17.0.6&apos;
Driver info: org.openqa.selenium.chrome.ChromeDriver
Command: [2d1f3545531f3b374f9e2492635e766b, clickElement {id=9DA24A84203BF5C6AE539F97DC42B939_element_203}]
Capabilities {acceptInsecureCerts: false, browserName: chrome, browserVersion: 114.0.5735.198, chrome: {chromedriverVersion: 114.0.5735.90 (386bc09e8f4f..., userDataDir: /var/folders/fs/n37ljzgx7g7...}, goog:chromeOptions: {debuggerAddress: localhost:56014}, networkConnectionEnabled: false, pageLoadStrategy: normal, platformName: mac, proxy: Proxy(), se:cdp: ws://localhost:56014/devtoo..., se:cdpVersion: 114.0.5735.198, setWindowRect: true, strictFileInteractability: false, timeouts: {implicit: 0, pageLoad: 300000, script: 30000}, unhandledPromptBehavior: dismiss and notify, webauthn:extension:credBlob: true, webauthn:extension:largeBlob: true, webauthn:extension:minPinLength: true, webauthn:extension:prf: true, webauthn:virtualAuthenticators: true}
Element: [[ChromeDriver: chrome on mac (2d1f3545531f3b374f9e2492635e766b)] -&gt; xpath: //a[contains(@href,&apos;/dashboard&apos;)]]
Session ID: 2d1f3545531f3b374f9e2492635e766b
	at org.openqa.selenium.remote.codec.w3c.W3CHttpResponseCodec.createException(W3CHttpResponseCodec.java:199)
	at org.openqa.selenium.remote.codec.w3c.W3CHttpResponseCodec.decode(W3CHttpResponseCodec.java:132)
	at org.openqa.selenium.remote.codec.w3c.W3CHttpResponseCodec.decode(W3CHttpResponseCodec.java:51)
	at org.openqa.selenium.remote.HttpCommandExecutor.execute(HttpCommandExecutor.java:191)
	at org.openqa.selenium.remote.service.DriverCommandExecutor.invokeExecute(DriverCommandExecutor.java:196)
	at org.openqa.selenium.remote.service.DriverCommandExecutor.execute(DriverCommandExecutor.java:171)
	at org.openqa.selenium.remote.RemoteWebDriver.execute(RemoteWebDriver.java:531)
	at org.openqa.selenium.remote.RemoteWebElement.execute(RemoteWebElement.java:242)
	at org.openqa.selenium.remote.RemoteWebElement.click(RemoteWebElement.java:77)
	at org.openqa.selenium.support.pagefactory.internal.LocatingElementHandler.invoke(LocatingElementHandler.java:51)
	at jdk.proxy2/jdk.proxy2.$Proxy22.click(Unknown Source)
	at com.jbkqa.pageObjects.SignUpPage.dashboardPage(SignUpPage.java:121)
	at com.jbkqa.testCases.TC_32_SignUpDataDrivenTest.SignUpDataDrivenTest(TC_32_SignUpDataDrivenTest.java:54)
	at java.base/java.util.ArrayList.forEach(ArrayList.java:1511)
... Removed 35 stack frames</div></td></tr></table><p class="totop"><a href="#summary">back to summary</a></p>
<h3 id="m10">com.jbkqa.testCases.TC_32_SignUpDataDrivenTest#SignUpDataDrivenTest</h3><table class="result"><tr class="param"><th>Parameter #1</th><th>Parameter #2</th><th>Parameter #3</th></tr><tr class="param stripe"><td>User?</td><td>@gmail.com</td><td>1645287230</td></tr><tr><th colspan="3">Exception</th></tr><tr><td colspan="3"><div class="stacktrace">org.openqa.selenium.ElementNotInteractableException: element not interactable
  (Session info: chrome=114.0.5735.198)
Build info: version: &apos;4.10.0&apos;, revision: &apos;c14d967899&apos;
System info: os.name: &apos;Mac OS X&apos;, os.arch: &apos;aarch64&apos;, os.version: &apos;13.4.1&apos;, java.version: &apos;17.0.6&apos;
Driver info: org.openqa.selenium.chrome.ChromeDriver
Command: [2d1f3545531f3b374f9e2492635e766b, clickElement {id=2A2F2112DD662645EA0D3B35A4F3691F_element_156}]
Capabilities {acceptInsecureCerts: false, browserName: chrome, browserVersion: 114.0.5735.198, chrome: {chromedriverVersion: 114.0.5735.90 (386bc09e8f4f..., userDataDir: /var/folders/fs/n37ljzgx7g7...}, goog:chromeOptions: {debuggerAddress: localhost:56014}, networkConnectionEnabled: false, pageLoadStrategy: normal, platformName: mac, proxy: Proxy(), se:cdp: ws://localhost:56014/devtoo..., se:cdpVersion: 114.0.5735.198, setWindowRect: true, strictFileInteractability: false, timeouts: {implicit: 0, pageLoad: 300000, script: 30000}, unhandledPromptBehavior: dismiss and notify, webauthn:extension:credBlob: true, webauthn:extension:largeBlob: true, webauthn:extension:minPinLength: true, webauthn:extension:prf: true, webauthn:virtualAuthenticators: true}
Element: [[ChromeDriver: chrome on mac (2d1f3545531f3b374f9e2492635e766b)] -&gt; xpath: //a[contains(@href,&apos;/dashboard&apos;)]]
Session ID: 2d1f3545531f3b374f9e2492635e766b
	at org.openqa.selenium.remote.codec.w3c.W3CHttpResponseCodec.createException(W3CHttpResponseCodec.java:199)
	at org.openqa.selenium.remote.codec.w3c.W3CHttpResponseCodec.decode(W3CHttpResponseCodec.java:132)
	at org.openqa.selenium.remote.codec.w3c.W3CHttpResponseCodec.decode(W3CHttpResponseCodec.java:51)
	at org.openqa.selenium.remote.HttpCommandExecutor.execute(HttpCommandExecutor.java:191)
	at org.openqa.selenium.remote.service.DriverCommandExecutor.invokeExecute(DriverCommandExecutor.java:196)
	at org.openqa.selenium.remote.service.DriverCommandExecutor.execute(DriverCommandExecutor.java:171)
	at org.openqa.selenium.remote.RemoteWebDriver.execute(RemoteWebDriver.java:531)
	at org.openqa.selenium.remote.RemoteWebElement.execute(RemoteWebElement.java:242)
	at org.openqa.selenium.remote.RemoteWebElement.click(RemoteWebElement.java:77)
	at org.openqa.selenium.support.pagefactory.internal.LocatingElementHandler.invoke(LocatingElementHandler.java:51)
	at jdk.proxy2/jdk.proxy2.$Proxy22.click(Unknown Source)
	at com.jbkqa.pageObjects.SignUpPage.dashboardPage(SignUpPage.java:121)
	at com.jbkqa.testCases.TC_32_SignUpDataDrivenTest.SignUpDataDrivenTest(TC_32_SignUpDataDrivenTest.java:54)
	at java.base/java.util.ArrayList.forEach(ArrayList.java:1511)
... Removed 35 stack frames</div></td></tr></table><p class="totop"><a href="#summary">back to summary</a></p>
<h3 id="m11">com.jbkqa.testCases.TC_01_LoginTest#loginTest</h3><table class="result"><tr><th class="invisible"/></tr></table><p class="totop"><a href="#summary">back to summary</a></p>
<h3 id="m12">com.jbkqa.testCases.TC_02_LoginDataDrivenTest#LoginDataDrivenTest</h3><table class="result"><tr class="param"><th>Parameter #1</th></tr><tr class="param stripe"><td>9867542310</td></tr></table><p class="totop"><a href="#summary">back to summary</a></p>
<h3 id="m13">com.jbkqa.testCases.TC_02_LoginDataDrivenTest#LoginDataDrivenTest</h3><table class="result"><tr class="param"><th>Parameter #1</th></tr><tr class="param stripe"><td>7756789026</td></tr></table><p class="totop"><a href="#summary">back to summary</a></p>
<h3 id="m14">com.jbkqa.testCases.TC_17_PlacementQuizTestForAll_102025QueOptions#PlacementQuizTest</h3><table class="result"><tr><th class="invisible"/></tr></table><p class="totop"><a href="#summary">back to summary</a></p>
<h3 id="m15">com.jbkqa.testCases.TC_18_TestttttQuizTestForAll_102025QueOptions#TestttttQuizTest</h3><table class="result"><tr><th class="invisible"/></tr></table><p class="totop"><a href="#summary">back to summary</a></p>
<h3 id="m16">com.jbkqa.testCases.TC_19_JavaCertQuizTestForAll_102025QueOptions#JavaCertQuizTest</h3><table class="result"><tr><th class="invisible"/></tr></table><p class="totop"><a href="#summary">back to summary</a></p>
<h3 id="m17">com.jbkqa.testCases.TC_20_AptitudeQuizTestForAll_102025QueOptions#AptitudeQuizTest</h3><table class="result"><tr><th class="invisible"/></tr></table><p class="totop"><a href="#summary">back to summary</a></p>
<h3 id="m18">com.jbkqa.testCases.TC_21_LogicalReasoningQuizTestForAll_102025QueOptions#LogicalReasoningQuizTest</h3><table class="result"><tr><th class="invisible"/></tr></table><p class="totop"><a href="#summary">back to summary</a></p>
<h3 id="m19">com.jbkqa.testCases.TC_22_GeneralKnowledgeQuizTestForAll_102025QueOptions#GeneralKnowledgeQuizTest</h3><table class="result"><tr><th class="invisible"/></tr></table><p class="totop"><a href="#summary">back to summary</a></p>
<h3 id="m20">com.jbkqa.testCases.TC_23_VerbalTestQuizForAll_102025QueOptions#VerbalTestQuizTest</h3><table class="result"><tr><th class="invisible"/></tr></table><p class="totop"><a href="#summary">back to summary</a></p>
<h3 id="m21">com.jbkqa.testCases.TC_24_ArithmeticAptitudeQuizForAll_102025QueOptions#ArithmeticAptitudeQuizTest</h3><table class="result"><tr><th class="invisible"/></tr></table><p class="totop"><a href="#summary">back to summary</a></p>
<h3 id="m22">com.jbkqa.testCases.TC_25_Angular8QuizTestForAll_102025QueOptions#Angular8QuizTest</h3><table class="result"><tr><th class="invisible"/></tr></table><p class="totop"><a href="#summary">back to summary</a></p>
<h3 id="m23">com.jbkqa.testCases.TC_26_TestingQuizTestForAll_102025QueOptions#TestingQuizTest</h3><table class="result"><tr><th class="invisible"/></tr></table><p class="totop"><a href="#summary">back to summary</a></p>
<h3 id="m24">com.jbkqa.testCases.TC_27_MySQLQuizTestForAll_102025QueOptions#MySQLQuizTest</h3><table class="result"><tr><th class="invisible"/></tr></table><p class="totop"><a href="#summary">back to summary</a></p>
<h3 id="m25">com.jbkqa.testCases.TC_28_JavaQuizTestForAll_102025QueOptions#JavaQuizTest</h3><table class="result"><tr><th class="invisible"/></tr></table><p class="totop"><a href="#summary">back to summary</a></p>
<h3 id="m26">com.jbkqa.testCases.TC_29_PythonQuizTestForAll_102025QueOptions#PythonQuizTest</h3><table class="result"><tr><th class="invisible"/></tr></table><p class="totop"><a href="#summary">back to summary</a></p>
<h3 id="m27">com.jbkqa.testCases.TC_30_OnDemandQuizTestForAll_102025QueOptions#OnDemandQuizTest</h3><table class="result"><tr><th class="invisible"/></tr></table><p class="totop"><a href="#summary">back to summary</a></p>
</body>
</html>
