<?xml version="1.0" encoding="UTF-8"?>
<testng-results ignored="0" total="28" passed="17" failed="11" skipped="0">
  <reporter-output>
  </reporter-output>
  <suite started-at="2023-07-19T09:44:07 IST" name="jbkQASuite" finished-at="2023-07-19T11:24:23 IST" duration-ms="6015751">
    <groups>
    </groups>
    <test started-at="2023-07-19T09:44:07 IST" name="QuizApp Test" finished-at="2023-07-19T11:24:23 IST" duration-ms="6015751">
      <class name="com.jbkqa.testCases.TC_01_LoginTest">
        <test-method is-config="true" signature="setUp()[pri:0, instance:com.jbkqa.testCases.TC_01_LoginTest@12a94400]" started-at="2023-07-19T09:44:07 IST" name="setUp" finished-at="2023-07-19T09:44:14 IST" duration-ms="6891" status="PASS">
          <reporter-output>
          </reporter-output>
        </test-method> <!-- setUp -->
        <test-method signature="loginTest()[pri:0, instance:com.jbkqa.testCases.TC_01_LoginTest@12a94400]" started-at="2023-07-19T09:44:14 IST" name="loginTest" finished-at="2023-07-19T09:44:25 IST" duration-ms="11379" status="PASS">
          <reporter-output>
          </reporter-output>
        </test-method> <!-- loginTest -->
        <test-method is-config="true" signature="tearDown()[pri:0, instance:com.jbkqa.testCases.TC_01_LoginTest@12a94400]" started-at="2023-07-19T09:44:25 IST" name="tearDown" finished-at="2023-07-19T09:44:25 IST" duration-ms="224" status="PASS">
          <reporter-output>
          </reporter-output>
        </test-method> <!-- tearDown -->
      </class> <!-- com.jbkqa.testCases.TC_01_LoginTest -->
      <class name="com.jbkqa.testCases.TC_18_TestttttQuizTestForAll_102025QueOptions">
        <test-method is-config="true" signature="setUp()[pri:0, instance:com.jbkqa.testCases.TC_18_TestttttQuizTestForAll_102025QueOptions@6fa34d52]" started-at="2023-07-19T09:46:55 IST" name="setUp" finished-at="2023-07-19T09:46:56 IST" duration-ms="1243" status="PASS">
          <reporter-output>
          </reporter-output>
        </test-method> <!-- setUp -->
        <test-method signature="TestttttQuizTest()[pri:0, instance:com.jbkqa.testCases.TC_18_TestttttQuizTestForAll_102025QueOptions@6fa34d52]" started-at="2023-07-19T09:46:56 IST" name="TestttttQuizTest" finished-at="2023-07-19T09:48:42 IST" duration-ms="105645" status="PASS">
          <reporter-output>
          </reporter-output>
        </test-method> <!-- TestttttQuizTest -->
        <test-method is-config="true" signature="tearDown()[pri:0, instance:com.jbkqa.testCases.TC_18_TestttttQuizTestForAll_102025QueOptions@6fa34d52]" started-at="2023-07-19T09:48:42 IST" name="tearDown" finished-at="2023-07-19T09:48:42 IST" duration-ms="230" status="PASS">
          <reporter-output>
          </reporter-output>
        </test-method> <!-- tearDown -->
      </class> <!-- com.jbkqa.testCases.TC_18_TestttttQuizTestForAll_102025QueOptions -->
      <class name="com.jbkqa.testCases.TC_29_PythonQuizTestForAll_102025QueOptions">
        <test-method is-config="true" signature="setUp()[pri:0, instance:com.jbkqa.testCases.TC_29_PythonQuizTestForAll_102025QueOptions@4032d386]" started-at="2023-07-19T11:13:41 IST" name="setUp" finished-at="2023-07-19T11:13:42 IST" duration-ms="1240" status="PASS">
          <reporter-output>
          </reporter-output>
        </test-method> <!-- setUp -->
        <test-method signature="PythonQuizTest()[pri:0, instance:com.jbkqa.testCases.TC_29_PythonQuizTestForAll_102025QueOptions@4032d386]" started-at="2023-07-19T11:13:42 IST" name="PythonQuizTest" finished-at="2023-07-19T11:18:48 IST" duration-ms="305284" status="PASS">
          <reporter-output>
          </reporter-output>
        </test-method> <!-- PythonQuizTest -->
        <test-method is-config="true" signature="tearDown()[pri:0, instance:com.jbkqa.testCases.TC_29_PythonQuizTestForAll_102025QueOptions@4032d386]" started-at="2023-07-19T11:18:48 IST" name="tearDown" finished-at="2023-07-19T11:18:48 IST" duration-ms="131" status="PASS">
          <reporter-output>
          </reporter-output>
        </test-method> <!-- tearDown -->
      </class> <!-- com.jbkqa.testCases.TC_29_PythonQuizTestForAll_102025QueOptions -->
      <class name="com.jbkqa.testCases.TC_23_VerbalTestQuizForAll_102025QueOptions">
        <test-method is-config="true" signature="setUp()[pri:0, instance:com.jbkqa.testCases.TC_23_VerbalTestQuizForAll_102025QueOptions@7ef27d7f]" started-at="2023-07-19T10:40:48 IST" name="setUp" finished-at="2023-07-19T10:40:49 IST" duration-ms="1234" status="PASS">
          <reporter-output>
          </reporter-output>
        </test-method> <!-- setUp -->
        <test-method signature="VerbalTestQuizTest()[pri:0, instance:com.jbkqa.testCases.TC_23_VerbalTestQuizForAll_102025QueOptions@7ef27d7f]" started-at="2023-07-19T10:40:49 IST" name="VerbalTestQuizTest" finished-at="2023-07-19T10:41:40 IST" duration-ms="51454" status="PASS">
          <reporter-output>
          </reporter-output>
        </test-method> <!-- VerbalTestQuizTest -->
        <test-method is-config="true" signature="tearDown()[pri:0, instance:com.jbkqa.testCases.TC_23_VerbalTestQuizForAll_102025QueOptions@7ef27d7f]" started-at="2023-07-19T10:41:40 IST" name="tearDown" finished-at="2023-07-19T10:41:41 IST" duration-ms="134" status="PASS">
          <reporter-output>
          </reporter-output>
        </test-method> <!-- tearDown -->
      </class> <!-- com.jbkqa.testCases.TC_23_VerbalTestQuizForAll_102025QueOptions -->
      <class name="com.jbkqa.testCases.TC_19_JavaCertQuizTestForAll_102025QueOptions">
        <test-method is-config="true" signature="setUp()[pri:0, instance:com.jbkqa.testCases.TC_19_JavaCertQuizTestForAll_102025QueOptions@57576994]" started-at="2023-07-19T09:48:42 IST" name="setUp" finished-at="2023-07-19T09:48:43 IST" duration-ms="1262" status="PASS">
          <reporter-output>
          </reporter-output>
        </test-method> <!-- setUp -->
        <test-method signature="JavaCertQuizTest()[pri:0, instance:com.jbkqa.testCases.TC_19_JavaCertQuizTestForAll_102025QueOptions@57576994]" started-at="2023-07-19T09:48:43 IST" name="JavaCertQuizTest" finished-at="2023-07-19T10:35:34 IST" duration-ms="2811021" status="PASS">
          <reporter-output>
          </reporter-output>
        </test-method> <!-- JavaCertQuizTest -->
        <test-method is-config="true" signature="tearDown()[pri:0, instance:com.jbkqa.testCases.TC_19_JavaCertQuizTestForAll_102025QueOptions@57576994]" started-at="2023-07-19T10:35:34 IST" name="tearDown" finished-at="2023-07-19T10:35:35 IST" duration-ms="148" status="PASS">
          <reporter-output>
          </reporter-output>
        </test-method> <!-- tearDown -->
      </class> <!-- com.jbkqa.testCases.TC_19_JavaCertQuizTestForAll_102025QueOptions -->
      <class name="com.jbkqa.testCases.TC_26_TestingQuizTestForAll_102025QueOptions">
        <test-method is-config="true" signature="setUp()[pri:0, instance:com.jbkqa.testCases.TC_26_TestingQuizTestForAll_102025QueOptions@5c669da8]" started-at="2023-07-19T11:08:34 IST" name="setUp" finished-at="2023-07-19T11:08:35 IST" duration-ms="1209" status="PASS">
          <reporter-output>
          </reporter-output>
        </test-method> <!-- setUp -->
        <test-method signature="TestingQuizTest()[pri:0, instance:com.jbkqa.testCases.TC_26_TestingQuizTestForAll_102025QueOptions@5c669da8]" started-at="2023-07-19T11:08:35 IST" name="TestingQuizTest" finished-at="2023-07-19T11:09:16 IST" duration-ms="41016" status="PASS">
          <reporter-output>
          </reporter-output>
        </test-method> <!-- TestingQuizTest -->
        <test-method is-config="true" signature="tearDown()[pri:0, instance:com.jbkqa.testCases.TC_26_TestingQuizTestForAll_102025QueOptions@5c669da8]" started-at="2023-07-19T11:09:16 IST" name="tearDown" finished-at="2023-07-19T11:09:16 IST" duration-ms="131" status="PASS">
          <reporter-output>
          </reporter-output>
        </test-method> <!-- tearDown -->
      </class> <!-- com.jbkqa.testCases.TC_26_TestingQuizTestForAll_102025QueOptions -->
      <class name="com.jbkqa.testCases.TC_27_MySQLQuizTestForAll_102025QueOptions">
        <test-method is-config="true" signature="setUp()[pri:0, instance:com.jbkqa.testCases.TC_27_MySQLQuizTestForAll_102025QueOptions@31920ade]" started-at="2023-07-19T11:09:16 IST" name="setUp" finished-at="2023-07-19T11:09:17 IST" duration-ms="1220" status="PASS">
          <reporter-output>
          </reporter-output>
        </test-method> <!-- setUp -->
        <test-method signature="MySQLQuizTest()[pri:0, instance:com.jbkqa.testCases.TC_27_MySQLQuizTestForAll_102025QueOptions@31920ade]" started-at="2023-07-19T11:09:17 IST" name="MySQLQuizTest" finished-at="2023-07-19T11:12:55 IST" duration-ms="217227" status="PASS">
          <reporter-output>
          </reporter-output>
        </test-method> <!-- MySQLQuizTest -->
        <test-method is-config="true" signature="tearDown()[pri:0, instance:com.jbkqa.testCases.TC_27_MySQLQuizTestForAll_102025QueOptions@31920ade]" started-at="2023-07-19T11:12:55 IST" name="tearDown" finished-at="2023-07-19T11:12:55 IST" duration-ms="133" status="PASS">
          <reporter-output>
          </reporter-output>
        </test-method> <!-- tearDown -->
      </class> <!-- com.jbkqa.testCases.TC_27_MySQLQuizTestForAll_102025QueOptions -->
      <class name="com.jbkqa.testCases.TC_25_Angular8QuizTestForAll_102025QueOptions">
        <test-method is-config="true" signature="setUp()[pri:0, instance:com.jbkqa.testCases.TC_25_Angular8QuizTestForAll_102025QueOptions@6337c201]" started-at="2023-07-19T11:05:27 IST" name="setUp" finished-at="2023-07-19T11:05:29 IST" duration-ms="1354" status="PASS">
          <reporter-output>
          </reporter-output>
        </test-method> <!-- setUp -->
        <test-method signature="Angular8QuizTest()[pri:0, instance:com.jbkqa.testCases.TC_25_Angular8QuizTestForAll_102025QueOptions@6337c201]" started-at="2023-07-19T11:05:29 IST" name="Angular8QuizTest" finished-at="2023-07-19T11:08:34 IST" duration-ms="184999" status="PASS">
          <reporter-output>
          </reporter-output>
        </test-method> <!-- Angular8QuizTest -->
        <test-method is-config="true" signature="tearDown()[pri:0, instance:com.jbkqa.testCases.TC_25_Angular8QuizTestForAll_102025QueOptions@6337c201]" started-at="2023-07-19T11:08:34 IST" name="tearDown" finished-at="2023-07-19T11:08:34 IST" duration-ms="130" status="PASS">
          <reporter-output>
          </reporter-output>
        </test-method> <!-- tearDown -->
      </class> <!-- com.jbkqa.testCases.TC_25_Angular8QuizTestForAll_102025QueOptions -->
      <class name="com.jbkqa.testCases.TC_31_ProfileUpdateTest">
        <test-method is-config="true" signature="setUp()[pri:0, instance:com.jbkqa.testCases.TC_31_ProfileUpdateTest@934b6cb]" started-at="2023-07-19T11:21:10 IST" name="setUp" finished-at="2023-07-19T11:21:11 IST" duration-ms="1261" status="PASS">
          <reporter-output>
          </reporter-output>
        </test-method> <!-- setUp -->
        <test-method signature="profileUpdate()[pri:0, instance:com.jbkqa.testCases.TC_31_ProfileUpdateTest@934b6cb]" started-at="2023-07-19T11:21:11 IST" name="profileUpdate" finished-at="2023-07-19T11:21:34 IST" duration-ms="22707" status="FAIL">
          <exception class="java.lang.AssertionError">
            <message>
              <![CDATA[Profile name field does not updated under welcome message. expected [Welcome Ovi Rohankar,] but found [Welcome Ovee Rohankar,]]]>
            </message>
            <full-stacktrace>
              <![CDATA[java.lang.AssertionError: Profile name field does not updated under welcome message. expected [Welcome Ovi Rohankar,] but found [Welcome Ovee Rohankar,]
at org.testng.Assert.fail(Assert.java:111)
at org.testng.Assert.failNotEquals(Assert.java:1578)
at org.testng.Assert.assertEqualsImpl(Assert.java:150)
at org.testng.Assert.assertEquals(Assert.java:132)
at org.testng.Assert.assertEquals(Assert.java:656)
at com.jbkqa.testCases.TC_31_ProfileUpdateTest.profileUpdate(TC_31_ProfileUpdateTest.java:55)
at java.base/jdk.internal.reflect.NativeMethodAccessorImpl.invoke0(Native Method)
at java.base/jdk.internal.reflect.NativeMethodAccessorImpl.invoke(NativeMethodAccessorImpl.java:77)
at java.base/jdk.internal.reflect.DelegatingMethodAccessorImpl.invoke(DelegatingMethodAccessorImpl.java:43)
at java.base/java.lang.reflect.Method.invoke(Method.java:568)
at org.testng.internal.invokers.MethodInvocationHelper.invokeMethod(MethodInvocationHelper.java:139)
at org.testng.internal.invokers.TestInvoker.invokeMethod(TestInvoker.java:664)
at org.testng.internal.invokers.TestInvoker.invokeTestMethod(TestInvoker.java:227)
at org.testng.internal.invokers.MethodRunner.runInSequence(MethodRunner.java:50)
at org.testng.internal.invokers.TestInvoker$MethodInvocationAgent.invoke(TestInvoker.java:957)
at org.testng.internal.invokers.TestInvoker.invokeTestMethods(TestInvoker.java:200)
at org.testng.internal.invokers.TestMethodWorker.invokeTestMethods(TestMethodWorker.java:148)
at org.testng.internal.invokers.TestMethodWorker.run(TestMethodWorker.java:128)
at java.base/java.util.ArrayList.forEach(ArrayList.java:1511)
at org.testng.TestRunner.privateRun(TestRunner.java:848)
at org.testng.TestRunner.run(TestRunner.java:621)
at org.testng.SuiteRunner.runTest(SuiteRunner.java:443)
at org.testng.SuiteRunner.runSequentially(SuiteRunner.java:437)
at org.testng.SuiteRunner.privateRun(SuiteRunner.java:397)
at org.testng.SuiteRunner.run(SuiteRunner.java:336)
at org.testng.SuiteRunnerWorker.runSuite(SuiteRunnerWorker.java:52)
at org.testng.SuiteRunnerWorker.run(SuiteRunnerWorker.java:95)
at org.testng.TestNG.runSuitesSequentially(TestNG.java:1280)
at org.testng.TestNG.runSuitesLocally(TestNG.java:1200)
at org.testng.TestNG.runSuites(TestNG.java:1114)
at org.testng.TestNG.run(TestNG.java:1082)
at org.testng.remote.AbstractRemoteTestNG.run(AbstractRemoteTestNG.java:115)
at org.testng.remote.RemoteTestNG.initAndRun(RemoteTestNG.java:251)
at org.testng.remote.RemoteTestNG.main(RemoteTestNG.java:77)
]]>
            </full-stacktrace>
          </exception> <!-- java.lang.AssertionError -->
          <reporter-output>
          </reporter-output>
        </test-method> <!-- profileUpdate -->
        <test-method is-config="true" signature="tearDown()[pri:0, instance:com.jbkqa.testCases.TC_31_ProfileUpdateTest@934b6cb]" started-at="2023-07-19T11:21:34 IST" name="tearDown" finished-at="2023-07-19T11:21:34 IST" duration-ms="130" status="PASS">
          <reporter-output>
          </reporter-output>
        </test-method> <!-- tearDown -->
      </class> <!-- com.jbkqa.testCases.TC_31_ProfileUpdateTest -->
      <class name="com.jbkqa.testCases.TC_22_GeneralKnowledgeQuizTestForAll_102025QueOptions">
        <test-method is-config="true" signature="setUp()[pri:0, instance:com.jbkqa.testCases.TC_22_GeneralKnowledgeQuizTestForAll_102025QueOptions@1205bd62]" started-at="2023-07-19T10:39:55 IST" name="setUp" finished-at="2023-07-19T10:39:57 IST" duration-ms="1230" status="PASS">
          <reporter-output>
          </reporter-output>
        </test-method> <!-- setUp -->
        <test-method signature="GeneralKnowledgeQuizTest()[pri:0, instance:com.jbkqa.testCases.TC_22_GeneralKnowledgeQuizTestForAll_102025QueOptions@1205bd62]" started-at="2023-07-19T10:39:57 IST" name="GeneralKnowledgeQuizTest" finished-at="2023-07-19T10:40:48 IST" duration-ms="51081" status="PASS">
          <reporter-output>
          </reporter-output>
        </test-method> <!-- GeneralKnowledgeQuizTest -->
        <test-method is-config="true" signature="tearDown()[pri:0, instance:com.jbkqa.testCases.TC_22_GeneralKnowledgeQuizTestForAll_102025QueOptions@1205bd62]" started-at="2023-07-19T10:40:48 IST" name="tearDown" finished-at="2023-07-19T10:40:48 IST" duration-ms="138" status="PASS">
          <reporter-output>
          </reporter-output>
        </test-method> <!-- tearDown -->
      </class> <!-- com.jbkqa.testCases.TC_22_GeneralKnowledgeQuizTestForAll_102025QueOptions -->
      <class name="com.jbkqa.testCases.TC_28_JavaQuizTestForAll_102025QueOptions">
        <test-method is-config="true" signature="setUp()[pri:0, instance:com.jbkqa.testCases.TC_28_JavaQuizTestForAll_102025QueOptions@1d483de4]" started-at="2023-07-19T11:12:55 IST" name="setUp" finished-at="2023-07-19T11:12:56 IST" duration-ms="1277" status="PASS">
          <reporter-output>
          </reporter-output>
        </test-method> <!-- setUp -->
        <test-method signature="JavaQuizTest()[pri:0, instance:com.jbkqa.testCases.TC_28_JavaQuizTestForAll_102025QueOptions@1d483de4]" started-at="2023-07-19T11:12:56 IST" name="JavaQuizTest" finished-at="2023-07-19T11:13:41 IST" duration-ms="44842" status="PASS">
          <reporter-output>
          </reporter-output>
        </test-method> <!-- JavaQuizTest -->
        <test-method is-config="true" signature="tearDown()[pri:0, instance:com.jbkqa.testCases.TC_28_JavaQuizTestForAll_102025QueOptions@1d483de4]" started-at="2023-07-19T11:13:41 IST" name="tearDown" finished-at="2023-07-19T11:13:41 IST" duration-ms="132" status="PASS">
          <reporter-output>
          </reporter-output>
        </test-method> <!-- tearDown -->
      </class> <!-- com.jbkqa.testCases.TC_28_JavaQuizTestForAll_102025QueOptions -->
      <class name="com.jbkqa.testCases.TC_02_LoginDataDrivenTest">
        <test-method is-config="true" signature="setUp()[pri:0, instance:com.jbkqa.testCases.TC_02_LoginDataDrivenTest@61eaec38]" started-at="2023-07-19T09:44:25 IST" name="setUp" finished-at="2023-07-19T09:44:27 IST" duration-ms="1177" status="PASS">
          <reporter-output>
          </reporter-output>
        </test-method> <!-- setUp -->
        <test-method signature="LoginDataDrivenTest(java.lang.String)[pri:0, instance:com.jbkqa.testCases.TC_02_LoginDataDrivenTest@61eaec38]" started-at="2023-07-19T09:44:27 IST" name="LoginDataDrivenTest" data-provider="jbkLoginData" finished-at="2023-07-19T09:44:42 IST" duration-ms="15678" status="PASS">
          <params>
            <param index="0">
              <value>
                <![CDATA[7756789026]]>
              </value>
            </param>
          </params>
          <reporter-output>
          </reporter-output>
        </test-method> <!-- LoginDataDrivenTest -->
        <test-method is-config="true" signature="loginFailedScreenshot(org.testng.ITestResult)[pri:0, instance:com.jbkqa.testCases.TC_02_LoginDataDrivenTest@61eaec38]" started-at="2023-07-19T09:44:42 IST" name="loginFailedScreenshot" finished-at="2023-07-19T09:44:42 IST" duration-ms="2" status="PASS">
          <params>
            <param index="0">
              <value>
                <![CDATA[[TestResult name=LoginDataDrivenTest status=SUCCESS method=TC_02_LoginDataDrivenTest.LoginDataDrivenTest(java.lang.String)[pri:0, instance:com.jbkqa.testCases.TC_02_LoginDataDrivenTest@61eaec38] output={null}]]]>
              </value>
            </param>
          </params>
          <reporter-output>
          </reporter-output>
        </test-method> <!-- loginFailedScreenshot -->
        <test-method signature="LoginDataDrivenTest(java.lang.String)[pri:0, instance:com.jbkqa.testCases.TC_02_LoginDataDrivenTest@61eaec38]" started-at="2023-07-19T09:44:42 IST" name="LoginDataDrivenTest" data-provider="jbkLoginData" finished-at="2023-07-19T09:44:52 IST" duration-ms="9887" status="FAIL">
          <params>
            <param index="0">
              <value>
                <![CDATA[1982387456]]>
              </value>
            </param>
          </params>
          <exception class="org.openqa.selenium.ElementNotInteractableException">
            <message>
              <![CDATA[element not interactable
  (Session info: chrome=114.0.5735.198)
Build info: version: '4.10.0', revision: 'c14d967899'
System info: os.name: 'Mac OS X', os.arch: 'aarch64', os.version: '13.4.1', java.version: '17.0.6'
Driver info: org.openqa.selenium.chrome.ChromeDriver
Command: [04773ca44dd26361f1cf14d3dbc5040d, clickElement {id=B2C2EDF123439E3B611824CBB5A50AAE_element_115}]
Capabilities {acceptInsecureCerts: false, browserName: chrome, browserVersion: 114.0.5735.198, chrome: {chromedriverVersion: 114.0.5735.90 (386bc09e8f4f..., userDataDir: /var/folders/fs/n37ljzgx7g7...}, goog:chromeOptions: {debuggerAddress: localhost:64752}, networkConnectionEnabled: false, pageLoadStrategy: normal, platformName: mac, proxy: Proxy(), se:cdp: ws://localhost:64752/devtoo..., se:cdpVersion: 114.0.5735.198, setWindowRect: true, strictFileInteractability: false, timeouts: {implicit: 0, pageLoad: 300000, script: 30000}, unhandledPromptBehavior: dismiss and notify, webauthn:extension:credBlob: true, webauthn:extension:largeBlob: true, webauthn:extension:minPinLength: true, webauthn:extension:prf: true, webauthn:virtualAuthenticators: true}
Element: [[ChromeDriver: chrome on mac (04773ca44dd26361f1cf14d3dbc5040d)] -> xpath: //a[contains(@href,'/dashboard')]]
Session ID: 04773ca44dd26361f1cf14d3dbc5040d]]>
            </message>
            <full-stacktrace>
              <![CDATA[org.openqa.selenium.ElementNotInteractableException: element not interactable
  (Session info: chrome=114.0.5735.198)
Build info: version: '4.10.0', revision: 'c14d967899'
System info: os.name: 'Mac OS X', os.arch: 'aarch64', os.version: '13.4.1', java.version: '17.0.6'
Driver info: org.openqa.selenium.chrome.ChromeDriver
Command: [04773ca44dd26361f1cf14d3dbc5040d, clickElement {id=B2C2EDF123439E3B611824CBB5A50AAE_element_115}]
Capabilities {acceptInsecureCerts: false, browserName: chrome, browserVersion: 114.0.5735.198, chrome: {chromedriverVersion: 114.0.5735.90 (386bc09e8f4f..., userDataDir: /var/folders/fs/n37ljzgx7g7...}, goog:chromeOptions: {debuggerAddress: localhost:64752}, networkConnectionEnabled: false, pageLoadStrategy: normal, platformName: mac, proxy: Proxy(), se:cdp: ws://localhost:64752/devtoo..., se:cdpVersion: 114.0.5735.198, setWindowRect: true, strictFileInteractability: false, timeouts: {implicit: 0, pageLoad: 300000, script: 30000}, unhandledPromptBehavior: dismiss and notify, webauthn:extension:credBlob: true, webauthn:extension:largeBlob: true, webauthn:extension:minPinLength: true, webauthn:extension:prf: true, webauthn:virtualAuthenticators: true}
Element: [[ChromeDriver: chrome on mac (04773ca44dd26361f1cf14d3dbc5040d)] -> xpath: //a[contains(@href,'/dashboard')]]
Session ID: 04773ca44dd26361f1cf14d3dbc5040d
at java.base/jdk.internal.reflect.NativeConstructorAccessorImpl.newInstance0(Native Method)
at java.base/jdk.internal.reflect.NativeConstructorAccessorImpl.newInstance(NativeConstructorAccessorImpl.java:77)
at java.base/jdk.internal.reflect.DelegatingConstructorAccessorImpl.newInstance(DelegatingConstructorAccessorImpl.java:45)
at java.base/java.lang.reflect.Constructor.newInstanceWithCaller(Constructor.java:499)
at java.base/java.lang.reflect.Constructor.newInstance(Constructor.java:480)
at org.openqa.selenium.remote.codec.w3c.W3CHttpResponseCodec.createException(W3CHttpResponseCodec.java:199)
at org.openqa.selenium.remote.codec.w3c.W3CHttpResponseCodec.decode(W3CHttpResponseCodec.java:132)
at org.openqa.selenium.remote.codec.w3c.W3CHttpResponseCodec.decode(W3CHttpResponseCodec.java:51)
at org.openqa.selenium.remote.HttpCommandExecutor.execute(HttpCommandExecutor.java:191)
at org.openqa.selenium.remote.service.DriverCommandExecutor.invokeExecute(DriverCommandExecutor.java:196)
at org.openqa.selenium.remote.service.DriverCommandExecutor.execute(DriverCommandExecutor.java:171)
at org.openqa.selenium.remote.RemoteWebDriver.execute(RemoteWebDriver.java:531)
at org.openqa.selenium.remote.RemoteWebElement.execute(RemoteWebElement.java:242)
at org.openqa.selenium.remote.RemoteWebElement.click(RemoteWebElement.java:77)
at java.base/jdk.internal.reflect.NativeMethodAccessorImpl.invoke0(Native Method)
at java.base/jdk.internal.reflect.NativeMethodAccessorImpl.invoke(NativeMethodAccessorImpl.java:77)
at java.base/jdk.internal.reflect.DelegatingMethodAccessorImpl.invoke(DelegatingMethodAccessorImpl.java:43)
at java.base/java.lang.reflect.Method.invoke(Method.java:568)
at org.openqa.selenium.support.pagefactory.internal.LocatingElementHandler.invoke(LocatingElementHandler.java:51)
at jdk.proxy2/jdk.proxy2.$Proxy22.click(Unknown Source)
at com.jbkqa.pageObjects.LoginPage.dashboardPage(LoginPage.java:77)
at com.jbkqa.testCases.TC_02_LoginDataDrivenTest.LoginDataDrivenTest(TC_02_LoginDataDrivenTest.java:25)
at java.base/jdk.internal.reflect.NativeMethodAccessorImpl.invoke0(Native Method)
at java.base/jdk.internal.reflect.NativeMethodAccessorImpl.invoke(NativeMethodAccessorImpl.java:77)
at java.base/jdk.internal.reflect.DelegatingMethodAccessorImpl.invoke(DelegatingMethodAccessorImpl.java:43)
at java.base/java.lang.reflect.Method.invoke(Method.java:568)
at org.testng.internal.invokers.MethodInvocationHelper.invokeMethod(MethodInvocationHelper.java:139)
at org.testng.internal.invokers.TestInvoker.invokeMethod(TestInvoker.java:664)
at org.testng.internal.invokers.TestInvoker.invokeTestMethod(TestInvoker.java:227)
at org.testng.internal.invokers.MethodRunner.runInSequence(MethodRunner.java:50)
at org.testng.internal.invokers.TestInvoker$MethodInvocationAgent.invoke(TestInvoker.java:957)
at org.testng.internal.invokers.TestInvoker.invokeTestMethods(TestInvoker.java:200)
at org.testng.internal.invokers.TestMethodWorker.invokeTestMethods(TestMethodWorker.java:148)
at org.testng.internal.invokers.TestMethodWorker.run(TestMethodWorker.java:128)
at java.base/java.util.ArrayList.forEach(ArrayList.java:1511)
at org.testng.TestRunner.privateRun(TestRunner.java:848)
at org.testng.TestRunner.run(TestRunner.java:621)
at org.testng.SuiteRunner.runTest(SuiteRunner.java:443)
at org.testng.SuiteRunner.runSequentially(SuiteRunner.java:437)
at org.testng.SuiteRunner.privateRun(SuiteRunner.java:397)
at org.testng.SuiteRunner.run(SuiteRunner.java:336)
at org.testng.SuiteRunnerWorker.runSuite(SuiteRunnerWorker.java:52)
at org.testng.SuiteRunnerWorker.run(SuiteRunnerWorker.java:95)
at org.testng.TestNG.runSuitesSequentially(TestNG.java:1280)
at org.testng.TestNG.runSuitesLocally(TestNG.java:1200)
at org.testng.TestNG.runSuites(TestNG.java:1114)
at org.testng.TestNG.run(TestNG.java:1082)
at org.testng.remote.AbstractRemoteTestNG.run(AbstractRemoteTestNG.java:115)
at org.testng.remote.RemoteTestNG.initAndRun(RemoteTestNG.java:251)
at org.testng.remote.RemoteTestNG.main(RemoteTestNG.java:77)
]]>
            </full-stacktrace>
          </exception> <!-- org.openqa.selenium.ElementNotInteractableException -->
          <reporter-output>
          </reporter-output>
        </test-method> <!-- LoginDataDrivenTest -->
        <test-method is-config="true" signature="loginFailedScreenshot(org.testng.ITestResult)[pri:0, instance:com.jbkqa.testCases.TC_02_LoginDataDrivenTest@61eaec38]" started-at="2023-07-19T09:44:52 IST" name="loginFailedScreenshot" finished-at="2023-07-19T09:44:53 IST" duration-ms="195" status="PASS">
          <params>
            <param index="0">
              <value>
                <![CDATA[[TestResult name=LoginDataDrivenTest status=FAILURE method=TC_02_LoginDataDrivenTest.LoginDataDrivenTest(java.lang.String)[pri:0, instance:com.jbkqa.testCases.TC_02_LoginDataDrivenTest@61eaec38] output={null}]]]>
              </value>
            </param>
          </params>
          <reporter-output>
          </reporter-output>
        </test-method> <!-- loginFailedScreenshot -->
        <test-method signature="LoginDataDrivenTest(java.lang.String)[pri:0, instance:com.jbkqa.testCases.TC_02_LoginDataDrivenTest@61eaec38]" started-at="2023-07-19T09:44:53 IST" name="LoginDataDrivenTest" data-provider="jbkLoginData" finished-at="2023-07-19T09:45:05 IST" duration-ms="12908" status="PASS">
          <params>
            <param index="0">
              <value>
                <![CDATA[9867542310]]>
              </value>
            </param>
          </params>
          <reporter-output>
          </reporter-output>
        </test-method> <!-- LoginDataDrivenTest -->
        <test-method is-config="true" signature="loginFailedScreenshot(org.testng.ITestResult)[pri:0, instance:com.jbkqa.testCases.TC_02_LoginDataDrivenTest@61eaec38]" started-at="2023-07-19T09:45:05 IST" name="loginFailedScreenshot" finished-at="2023-07-19T09:45:05 IST" duration-ms="1" status="PASS">
          <params>
            <param index="0">
              <value>
                <![CDATA[[TestResult name=LoginDataDrivenTest status=SUCCESS method=TC_02_LoginDataDrivenTest.LoginDataDrivenTest(java.lang.String)[pri:0, instance:com.jbkqa.testCases.TC_02_LoginDataDrivenTest@61eaec38] output={null}]]]>
              </value>
            </param>
          </params>
          <reporter-output>
          </reporter-output>
        </test-method> <!-- loginFailedScreenshot -->
        <test-method signature="LoginDataDrivenTest(java.lang.String)[pri:0, instance:com.jbkqa.testCases.TC_02_LoginDataDrivenTest@61eaec38]" started-at="2023-07-19T09:45:05 IST" name="LoginDataDrivenTest" data-provider="jbkLoginData" finished-at="2023-07-19T09:45:15 IST" duration-ms="9903" status="FAIL">
          <params>
            <param index="0">
              <value>
                <![CDATA[8734561290]]>
              </value>
            </param>
          </params>
          <exception class="org.openqa.selenium.ElementNotInteractableException">
            <message>
              <![CDATA[element not interactable
  (Session info: chrome=114.0.5735.198)
Build info: version: '4.10.0', revision: 'c14d967899'
System info: os.name: 'Mac OS X', os.arch: 'aarch64', os.version: '13.4.1', java.version: '17.0.6'
Driver info: org.openqa.selenium.chrome.ChromeDriver
Command: [04773ca44dd26361f1cf14d3dbc5040d, clickElement {id=1873F4A34EDA52F3B938FBB1E0CF7D0F_element_195}]
Capabilities {acceptInsecureCerts: false, browserName: chrome, browserVersion: 114.0.5735.198, chrome: {chromedriverVersion: 114.0.5735.90 (386bc09e8f4f..., userDataDir: /var/folders/fs/n37ljzgx7g7...}, goog:chromeOptions: {debuggerAddress: localhost:64752}, networkConnectionEnabled: false, pageLoadStrategy: normal, platformName: mac, proxy: Proxy(), se:cdp: ws://localhost:64752/devtoo..., se:cdpVersion: 114.0.5735.198, setWindowRect: true, strictFileInteractability: false, timeouts: {implicit: 0, pageLoad: 300000, script: 30000}, unhandledPromptBehavior: dismiss and notify, webauthn:extension:credBlob: true, webauthn:extension:largeBlob: true, webauthn:extension:minPinLength: true, webauthn:extension:prf: true, webauthn:virtualAuthenticators: true}
Element: [[ChromeDriver: chrome on mac (04773ca44dd26361f1cf14d3dbc5040d)] -> xpath: //a[contains(@href,'/dashboard')]]
Session ID: 04773ca44dd26361f1cf14d3dbc5040d]]>
            </message>
            <full-stacktrace>
              <![CDATA[org.openqa.selenium.ElementNotInteractableException: element not interactable
  (Session info: chrome=114.0.5735.198)
Build info: version: '4.10.0', revision: 'c14d967899'
System info: os.name: 'Mac OS X', os.arch: 'aarch64', os.version: '13.4.1', java.version: '17.0.6'
Driver info: org.openqa.selenium.chrome.ChromeDriver
Command: [04773ca44dd26361f1cf14d3dbc5040d, clickElement {id=1873F4A34EDA52F3B938FBB1E0CF7D0F_element_195}]
Capabilities {acceptInsecureCerts: false, browserName: chrome, browserVersion: 114.0.5735.198, chrome: {chromedriverVersion: 114.0.5735.90 (386bc09e8f4f..., userDataDir: /var/folders/fs/n37ljzgx7g7...}, goog:chromeOptions: {debuggerAddress: localhost:64752}, networkConnectionEnabled: false, pageLoadStrategy: normal, platformName: mac, proxy: Proxy(), se:cdp: ws://localhost:64752/devtoo..., se:cdpVersion: 114.0.5735.198, setWindowRect: true, strictFileInteractability: false, timeouts: {implicit: 0, pageLoad: 300000, script: 30000}, unhandledPromptBehavior: dismiss and notify, webauthn:extension:credBlob: true, webauthn:extension:largeBlob: true, webauthn:extension:minPinLength: true, webauthn:extension:prf: true, webauthn:virtualAuthenticators: true}
Element: [[ChromeDriver: chrome on mac (04773ca44dd26361f1cf14d3dbc5040d)] -> xpath: //a[contains(@href,'/dashboard')]]
Session ID: 04773ca44dd26361f1cf14d3dbc5040d
at java.base/jdk.internal.reflect.NativeConstructorAccessorImpl.newInstance0(Native Method)
at java.base/jdk.internal.reflect.NativeConstructorAccessorImpl.newInstance(NativeConstructorAccessorImpl.java:77)
at java.base/jdk.internal.reflect.DelegatingConstructorAccessorImpl.newInstance(DelegatingConstructorAccessorImpl.java:45)
at java.base/java.lang.reflect.Constructor.newInstanceWithCaller(Constructor.java:499)
at java.base/java.lang.reflect.Constructor.newInstance(Constructor.java:480)
at org.openqa.selenium.remote.codec.w3c.W3CHttpResponseCodec.createException(W3CHttpResponseCodec.java:199)
at org.openqa.selenium.remote.codec.w3c.W3CHttpResponseCodec.decode(W3CHttpResponseCodec.java:132)
at org.openqa.selenium.remote.codec.w3c.W3CHttpResponseCodec.decode(W3CHttpResponseCodec.java:51)
at org.openqa.selenium.remote.HttpCommandExecutor.execute(HttpCommandExecutor.java:191)
at org.openqa.selenium.remote.service.DriverCommandExecutor.invokeExecute(DriverCommandExecutor.java:196)
at org.openqa.selenium.remote.service.DriverCommandExecutor.execute(DriverCommandExecutor.java:171)
at org.openqa.selenium.remote.RemoteWebDriver.execute(RemoteWebDriver.java:531)
at org.openqa.selenium.remote.RemoteWebElement.execute(RemoteWebElement.java:242)
at org.openqa.selenium.remote.RemoteWebElement.click(RemoteWebElement.java:77)
at jdk.internal.reflect.GeneratedMethodAccessor7.invoke(Unknown Source)
at java.base/jdk.internal.reflect.DelegatingMethodAccessorImpl.invoke(DelegatingMethodAccessorImpl.java:43)
at java.base/java.lang.reflect.Method.invoke(Method.java:568)
at org.openqa.selenium.support.pagefactory.internal.LocatingElementHandler.invoke(LocatingElementHandler.java:51)
at jdk.proxy2/jdk.proxy2.$Proxy22.click(Unknown Source)
at com.jbkqa.pageObjects.LoginPage.dashboardPage(LoginPage.java:77)
at com.jbkqa.testCases.TC_02_LoginDataDrivenTest.LoginDataDrivenTest(TC_02_LoginDataDrivenTest.java:25)
at java.base/jdk.internal.reflect.NativeMethodAccessorImpl.invoke0(Native Method)
at java.base/jdk.internal.reflect.NativeMethodAccessorImpl.invoke(NativeMethodAccessorImpl.java:77)
at java.base/jdk.internal.reflect.DelegatingMethodAccessorImpl.invoke(DelegatingMethodAccessorImpl.java:43)
at java.base/java.lang.reflect.Method.invoke(Method.java:568)
at org.testng.internal.invokers.MethodInvocationHelper.invokeMethod(MethodInvocationHelper.java:139)
at org.testng.internal.invokers.TestInvoker.invokeMethod(TestInvoker.java:664)
at org.testng.internal.invokers.TestInvoker.invokeTestMethod(TestInvoker.java:227)
at org.testng.internal.invokers.MethodRunner.runInSequence(MethodRunner.java:50)
at org.testng.internal.invokers.TestInvoker$MethodInvocationAgent.invoke(TestInvoker.java:957)
at org.testng.internal.invokers.TestInvoker.invokeTestMethods(TestInvoker.java:200)
at org.testng.internal.invokers.TestMethodWorker.invokeTestMethods(TestMethodWorker.java:148)
at org.testng.internal.invokers.TestMethodWorker.run(TestMethodWorker.java:128)
at java.base/java.util.ArrayList.forEach(ArrayList.java:1511)
at org.testng.TestRunner.privateRun(TestRunner.java:848)
at org.testng.TestRunner.run(TestRunner.java:621)
at org.testng.SuiteRunner.runTest(SuiteRunner.java:443)
at org.testng.SuiteRunner.runSequentially(SuiteRunner.java:437)
at org.testng.SuiteRunner.privateRun(SuiteRunner.java:397)
at org.testng.SuiteRunner.run(SuiteRunner.java:336)
at org.testng.SuiteRunnerWorker.runSuite(SuiteRunnerWorker.java:52)
at org.testng.SuiteRunnerWorker.run(SuiteRunnerWorker.java:95)
at org.testng.TestNG.runSuitesSequentially(TestNG.java:1280)
at org.testng.TestNG.runSuitesLocally(TestNG.java:1200)
at org.testng.TestNG.runSuites(TestNG.java:1114)
at org.testng.TestNG.run(TestNG.java:1082)
at org.testng.remote.AbstractRemoteTestNG.run(AbstractRemoteTestNG.java:115)
at org.testng.remote.RemoteTestNG.initAndRun(RemoteTestNG.java:251)
at org.testng.remote.RemoteTestNG.main(RemoteTestNG.java:77)
]]>
            </full-stacktrace>
          </exception> <!-- org.openqa.selenium.ElementNotInteractableException -->
          <reporter-output>
          </reporter-output>
        </test-method> <!-- LoginDataDrivenTest -->
        <test-method is-config="true" signature="loginFailedScreenshot(org.testng.ITestResult)[pri:0, instance:com.jbkqa.testCases.TC_02_LoginDataDrivenTest@61eaec38]" started-at="2023-07-19T09:45:15 IST" name="loginFailedScreenshot" finished-at="2023-07-19T09:45:16 IST" duration-ms="180" status="PASS">
          <params>
            <param index="0">
              <value>
                <![CDATA[[TestResult name=LoginDataDrivenTest status=FAILURE method=TC_02_LoginDataDrivenTest.LoginDataDrivenTest(java.lang.String)[pri:0, instance:com.jbkqa.testCases.TC_02_LoginDataDrivenTest@61eaec38] output={null}]]]>
              </value>
            </param>
          </params>
          <reporter-output>
          </reporter-output>
        </test-method> <!-- loginFailedScreenshot -->
        <test-method is-config="true" signature="tearDown()[pri:0, instance:com.jbkqa.testCases.TC_02_LoginDataDrivenTest@61eaec38]" started-at="2023-07-19T09:45:16 IST" name="tearDown" finished-at="2023-07-19T09:45:16 IST" duration-ms="137" status="PASS">
          <reporter-output>
          </reporter-output>
        </test-method> <!-- tearDown -->
      </class> <!-- com.jbkqa.testCases.TC_02_LoginDataDrivenTest -->
      <class name="com.jbkqa.testCases.TC_17_PlacementQuizTestForAll_102025QueOptions">
        <test-method is-config="true" signature="setUp()[pri:0, instance:com.jbkqa.testCases.TC_17_PlacementQuizTestForAll_102025QueOptions@125290e5]" started-at="2023-07-19T09:45:16 IST" name="setUp" finished-at="2023-07-19T09:45:17 IST" duration-ms="1244" status="PASS">
          <reporter-output>
          </reporter-output>
        </test-method> <!-- setUp -->
        <test-method signature="PlacementQuizTest()[pri:0, instance:com.jbkqa.testCases.TC_17_PlacementQuizTestForAll_102025QueOptions@125290e5]" started-at="2023-07-19T09:45:17 IST" name="PlacementQuizTest" finished-at="2023-07-19T09:46:55 IST" duration-ms="97926" status="PASS">
          <reporter-output>
          </reporter-output>
        </test-method> <!-- PlacementQuizTest -->
        <test-method is-config="true" signature="tearDown()[pri:0, instance:com.jbkqa.testCases.TC_17_PlacementQuizTestForAll_102025QueOptions@125290e5]" started-at="2023-07-19T09:46:55 IST" name="tearDown" finished-at="2023-07-19T09:46:55 IST" duration-ms="141" status="PASS">
          <reporter-output>
          </reporter-output>
        </test-method> <!-- tearDown -->
      </class> <!-- com.jbkqa.testCases.TC_17_PlacementQuizTestForAll_102025QueOptions -->
      <class name="com.jbkqa.testCases.TC_21_LogicalReasoningQuizTestForAll_102025QueOptions">
        <test-method is-config="true" signature="setUp()[pri:0, instance:com.jbkqa.testCases.TC_21_LogicalReasoningQuizTestForAll_102025QueOptions@67b9b51a]" started-at="2023-07-19T10:39:28 IST" name="setUp" finished-at="2023-07-19T10:39:29 IST" duration-ms="1241" status="PASS">
          <reporter-output>
          </reporter-output>
        </test-method> <!-- setUp -->
        <test-method signature="LogicalReasoningQuizTest()[pri:0, instance:com.jbkqa.testCases.TC_21_LogicalReasoningQuizTestForAll_102025QueOptions@67b9b51a]" started-at="2023-07-19T10:39:29 IST" name="LogicalReasoningQuizTest" finished-at="2023-07-19T10:39:55 IST" duration-ms="26364" status="PASS">
          <reporter-output>
          </reporter-output>
        </test-method> <!-- LogicalReasoningQuizTest -->
        <test-method is-config="true" signature="tearDown()[pri:0, instance:com.jbkqa.testCases.TC_21_LogicalReasoningQuizTestForAll_102025QueOptions@67b9b51a]" started-at="2023-07-19T10:39:55 IST" name="tearDown" finished-at="2023-07-19T10:39:55 IST" duration-ms="135" status="PASS">
          <reporter-output>
          </reporter-output>
        </test-method> <!-- tearDown -->
      </class> <!-- com.jbkqa.testCases.TC_21_LogicalReasoningQuizTestForAll_102025QueOptions -->
      <class name="com.jbkqa.testCases.TC_30_OnDemandQuizTestForAll_102025QueOptions">
        <test-method is-config="true" signature="setUp()[pri:0, instance:com.jbkqa.testCases.TC_30_OnDemandQuizTestForAll_102025QueOptions@28d18df5]" started-at="2023-07-19T11:18:48 IST" name="setUp" finished-at="2023-07-19T11:18:49 IST" duration-ms="1253" status="PASS">
          <reporter-output>
          </reporter-output>
        </test-method> <!-- setUp -->
        <test-method signature="OnDemandQuizTest()[pri:0, instance:com.jbkqa.testCases.TC_30_OnDemandQuizTestForAll_102025QueOptions@28d18df5]" started-at="2023-07-19T11:18:49 IST" name="OnDemandQuizTest" finished-at="2023-07-19T11:21:10 IST" duration-ms="140606" status="PASS">
          <reporter-output>
          </reporter-output>
        </test-method> <!-- OnDemandQuizTest -->
        <test-method is-config="true" signature="tearDown()[pri:0, instance:com.jbkqa.testCases.TC_30_OnDemandQuizTestForAll_102025QueOptions@28d18df5]" started-at="2023-07-19T11:21:10 IST" name="tearDown" finished-at="2023-07-19T11:21:10 IST" duration-ms="148" status="PASS">
          <reporter-output>
          </reporter-output>
        </test-method> <!-- tearDown -->
      </class> <!-- com.jbkqa.testCases.TC_30_OnDemandQuizTestForAll_102025QueOptions -->
      <class name="com.jbkqa.testCases.TC_32_SignUpDataDrivenTest">
        <test-method is-config="true" signature="setUp()[pri:0, instance:com.jbkqa.testCases.TC_32_SignUpDataDrivenTest@55cf0d14]" started-at="2023-07-19T11:21:34 IST" name="setUp" finished-at="2023-07-19T11:21:35 IST" duration-ms="1212" status="PASS">
          <reporter-output>
          </reporter-output>
        </test-method> <!-- setUp -->
        <test-method signature="SignUpDataDrivenTest(java.lang.String,java.lang.String,java.lang.String)[pri:0, instance:com.jbkqa.testCases.TC_32_SignUpDataDrivenTest@55cf0d14]" started-at="2023-07-19T11:21:35 IST" name="SignUpDataDrivenTest" data-provider="jbkSignUpData" finished-at="2023-07-19T11:21:56 IST" duration-ms="21386" status="FAIL">
          <params>
            <param index="0">
              <value>
                <![CDATA[Ram Krishna]]>
              </value>
            </param>
            <param index="1">
              <value>
                <![CDATA[ram.k@gmail.com]]>
              </value>
            </param>
            <param index="2">
              <value>
                <![CDATA[5561787994]]>
              </value>
            </param>
          </params>
          <exception class="org.openqa.selenium.ElementNotInteractableException">
            <message>
              <![CDATA[element not interactable
  (Session info: chrome=114.0.5735.198)
Build info: version: '4.10.0', revision: 'c14d967899'
System info: os.name: 'Mac OS X', os.arch: 'aarch64', os.version: '13.4.1', java.version: '17.0.6'
Driver info: org.openqa.selenium.chrome.ChromeDriver
Command: [2d1f3545531f3b374f9e2492635e766b, clickElement {id=03024E45E7AA57769898B1BC33AB587C_element_55}]
Capabilities {acceptInsecureCerts: false, browserName: chrome, browserVersion: 114.0.5735.198, chrome: {chromedriverVersion: 114.0.5735.90 (386bc09e8f4f..., userDataDir: /var/folders/fs/n37ljzgx7g7...}, goog:chromeOptions: {debuggerAddress: localhost:56014}, networkConnectionEnabled: false, pageLoadStrategy: normal, platformName: mac, proxy: Proxy(), se:cdp: ws://localhost:56014/devtoo..., se:cdpVersion: 114.0.5735.198, setWindowRect: true, strictFileInteractability: false, timeouts: {implicit: 0, pageLoad: 300000, script: 30000}, unhandledPromptBehavior: dismiss and notify, webauthn:extension:credBlob: true, webauthn:extension:largeBlob: true, webauthn:extension:minPinLength: true, webauthn:extension:prf: true, webauthn:virtualAuthenticators: true}
Element: [[ChromeDriver: chrome on mac (2d1f3545531f3b374f9e2492635e766b)] -> xpath: //a[contains(@href,'/dashboard')]]
Session ID: 2d1f3545531f3b374f9e2492635e766b]]>
            </message>
            <full-stacktrace>
              <![CDATA[org.openqa.selenium.ElementNotInteractableException: element not interactable
  (Session info: chrome=114.0.5735.198)
Build info: version: '4.10.0', revision: 'c14d967899'
System info: os.name: 'Mac OS X', os.arch: 'aarch64', os.version: '13.4.1', java.version: '17.0.6'
Driver info: org.openqa.selenium.chrome.ChromeDriver
Command: [2d1f3545531f3b374f9e2492635e766b, clickElement {id=03024E45E7AA57769898B1BC33AB587C_element_55}]
Capabilities {acceptInsecureCerts: false, browserName: chrome, browserVersion: 114.0.5735.198, chrome: {chromedriverVersion: 114.0.5735.90 (386bc09e8f4f..., userDataDir: /var/folders/fs/n37ljzgx7g7...}, goog:chromeOptions: {debuggerAddress: localhost:56014}, networkConnectionEnabled: false, pageLoadStrategy: normal, platformName: mac, proxy: Proxy(), se:cdp: ws://localhost:56014/devtoo..., se:cdpVersion: 114.0.5735.198, setWindowRect: true, strictFileInteractability: false, timeouts: {implicit: 0, pageLoad: 300000, script: 30000}, unhandledPromptBehavior: dismiss and notify, webauthn:extension:credBlob: true, webauthn:extension:largeBlob: true, webauthn:extension:minPinLength: true, webauthn:extension:prf: true, webauthn:virtualAuthenticators: true}
Element: [[ChromeDriver: chrome on mac (2d1f3545531f3b374f9e2492635e766b)] -> xpath: //a[contains(@href,'/dashboard')]]
Session ID: 2d1f3545531f3b374f9e2492635e766b
at java.base/jdk.internal.reflect.NativeConstructorAccessorImpl.newInstance0(Native Method)
at java.base/jdk.internal.reflect.NativeConstructorAccessorImpl.newInstance(NativeConstructorAccessorImpl.java:77)
at java.base/jdk.internal.reflect.DelegatingConstructorAccessorImpl.newInstance(DelegatingConstructorAccessorImpl.java:45)
at java.base/java.lang.reflect.Constructor.newInstanceWithCaller(Constructor.java:499)
at java.base/java.lang.reflect.Constructor.newInstance(Constructor.java:480)
at org.openqa.selenium.remote.codec.w3c.W3CHttpResponseCodec.createException(W3CHttpResponseCodec.java:199)
at org.openqa.selenium.remote.codec.w3c.W3CHttpResponseCodec.decode(W3CHttpResponseCodec.java:132)
at org.openqa.selenium.remote.codec.w3c.W3CHttpResponseCodec.decode(W3CHttpResponseCodec.java:51)
at org.openqa.selenium.remote.HttpCommandExecutor.execute(HttpCommandExecutor.java:191)
at org.openqa.selenium.remote.service.DriverCommandExecutor.invokeExecute(DriverCommandExecutor.java:196)
at org.openqa.selenium.remote.service.DriverCommandExecutor.execute(DriverCommandExecutor.java:171)
at org.openqa.selenium.remote.RemoteWebDriver.execute(RemoteWebDriver.java:531)
at org.openqa.selenium.remote.RemoteWebElement.execute(RemoteWebElement.java:242)
at org.openqa.selenium.remote.RemoteWebElement.click(RemoteWebElement.java:77)
at jdk.internal.reflect.GeneratedMethodAccessor7.invoke(Unknown Source)
at java.base/jdk.internal.reflect.DelegatingMethodAccessorImpl.invoke(DelegatingMethodAccessorImpl.java:43)
at java.base/java.lang.reflect.Method.invoke(Method.java:568)
at org.openqa.selenium.support.pagefactory.internal.LocatingElementHandler.invoke(LocatingElementHandler.java:51)
at jdk.proxy2/jdk.proxy2.$Proxy22.click(Unknown Source)
at com.jbkqa.pageObjects.SignUpPage.dashboardPage(SignUpPage.java:121)
at com.jbkqa.testCases.TC_32_SignUpDataDrivenTest.SignUpDataDrivenTest(TC_32_SignUpDataDrivenTest.java:54)
at java.base/jdk.internal.reflect.NativeMethodAccessorImpl.invoke0(Native Method)
at java.base/jdk.internal.reflect.NativeMethodAccessorImpl.invoke(NativeMethodAccessorImpl.java:77)
at java.base/jdk.internal.reflect.DelegatingMethodAccessorImpl.invoke(DelegatingMethodAccessorImpl.java:43)
at java.base/java.lang.reflect.Method.invoke(Method.java:568)
at org.testng.internal.invokers.MethodInvocationHelper.invokeMethod(MethodInvocationHelper.java:139)
at org.testng.internal.invokers.TestInvoker.invokeMethod(TestInvoker.java:664)
at org.testng.internal.invokers.TestInvoker.invokeTestMethod(TestInvoker.java:227)
at org.testng.internal.invokers.MethodRunner.runInSequence(MethodRunner.java:50)
at org.testng.internal.invokers.TestInvoker$MethodInvocationAgent.invoke(TestInvoker.java:957)
at org.testng.internal.invokers.TestInvoker.invokeTestMethods(TestInvoker.java:200)
at org.testng.internal.invokers.TestMethodWorker.invokeTestMethods(TestMethodWorker.java:148)
at org.testng.internal.invokers.TestMethodWorker.run(TestMethodWorker.java:128)
at java.base/java.util.ArrayList.forEach(ArrayList.java:1511)
at org.testng.TestRunner.privateRun(TestRunner.java:848)
at org.testng.TestRunner.run(TestRunner.java:621)
at org.testng.SuiteRunner.runTest(SuiteRunner.java:443)
at org.testng.SuiteRunner.runSequentially(SuiteRunner.java:437)
at org.testng.SuiteRunner.privateRun(SuiteRunner.java:397)
at org.testng.SuiteRunner.run(SuiteRunner.java:336)
at org.testng.SuiteRunnerWorker.runSuite(SuiteRunnerWorker.java:52)
at org.testng.SuiteRunnerWorker.run(SuiteRunnerWorker.java:95)
at org.testng.TestNG.runSuitesSequentially(TestNG.java:1280)
at org.testng.TestNG.runSuitesLocally(TestNG.java:1200)
at org.testng.TestNG.runSuites(TestNG.java:1114)
at org.testng.TestNG.run(TestNG.java:1082)
at org.testng.remote.AbstractRemoteTestNG.run(AbstractRemoteTestNG.java:115)
at org.testng.remote.RemoteTestNG.initAndRun(RemoteTestNG.java:251)
at org.testng.remote.RemoteTestNG.main(RemoteTestNG.java:77)
]]>
            </full-stacktrace>
          </exception> <!-- org.openqa.selenium.ElementNotInteractableException -->
          <reporter-output>
          </reporter-output>
        </test-method> <!-- SignUpDataDrivenTest -->
        <test-method is-config="true" signature="signUpFailedScreenshot(org.testng.ITestResult)[pri:0, instance:com.jbkqa.testCases.TC_32_SignUpDataDrivenTest@55cf0d14]" started-at="2023-07-19T11:21:56 IST" name="signUpFailedScreenshot" finished-at="2023-07-19T11:21:57 IST" duration-ms="182" status="PASS">
          <params>
            <param index="0">
              <value>
                <![CDATA[[TestResult name=SignUpDataDrivenTest status=FAILURE method=TC_32_SignUpDataDrivenTest.SignUpDataDrivenTest(java.lang.String,java.lang.String,java.lang.String)[pri:0, instance:com.jbkqa.testCases.TC_32_SignUpDataDrivenTest@55cf0d14] output={null}]]]>
              </value>
            </param>
          </params>
          <reporter-output>
          </reporter-output>
        </test-method> <!-- signUpFailedScreenshot -->
        <test-method signature="SignUpDataDrivenTest(java.lang.String,java.lang.String,java.lang.String)[pri:0, instance:com.jbkqa.testCases.TC_32_SignUpDataDrivenTest@55cf0d14]" started-at="2023-07-19T11:21:57 IST" name="SignUpDataDrivenTest" data-provider="jbkSignUpData" finished-at="2023-07-19T11:22:19 IST" duration-ms="22437" status="FAIL">
          <params>
            <param index="0">
              <value>
                <![CDATA[Ab Patil]]>
              </value>
            </param>
            <param index="1">
              <value>
                <![CDATA[abh.pt@gmail.com]]>
              </value>
            </param>
            <param index="2">
              <value>
                <![CDATA[8341912388]]>
              </value>
            </param>
          </params>
          <exception class="org.openqa.selenium.ElementNotInteractableException">
            <message>
              <![CDATA[element not interactable
  (Session info: chrome=114.0.5735.198)
Build info: version: '4.10.0', revision: 'c14d967899'
System info: os.name: 'Mac OS X', os.arch: 'aarch64', os.version: '13.4.1', java.version: '17.0.6'
Driver info: org.openqa.selenium.chrome.ChromeDriver
Command: [2d1f3545531f3b374f9e2492635e766b, clickElement {id=E89621CD1DEB28BA4ABE7E8E260F12D9_element_81}]
Capabilities {acceptInsecureCerts: false, browserName: chrome, browserVersion: 114.0.5735.198, chrome: {chromedriverVersion: 114.0.5735.90 (386bc09e8f4f..., userDataDir: /var/folders/fs/n37ljzgx7g7...}, goog:chromeOptions: {debuggerAddress: localhost:56014}, networkConnectionEnabled: false, pageLoadStrategy: normal, platformName: mac, proxy: Proxy(), se:cdp: ws://localhost:56014/devtoo..., se:cdpVersion: 114.0.5735.198, setWindowRect: true, strictFileInteractability: false, timeouts: {implicit: 0, pageLoad: 300000, script: 30000}, unhandledPromptBehavior: dismiss and notify, webauthn:extension:credBlob: true, webauthn:extension:largeBlob: true, webauthn:extension:minPinLength: true, webauthn:extension:prf: true, webauthn:virtualAuthenticators: true}
Element: [[ChromeDriver: chrome on mac (2d1f3545531f3b374f9e2492635e766b)] -> xpath: //a[contains(@href,'/dashboard')]]
Session ID: 2d1f3545531f3b374f9e2492635e766b]]>
            </message>
            <full-stacktrace>
              <![CDATA[org.openqa.selenium.ElementNotInteractableException: element not interactable
  (Session info: chrome=114.0.5735.198)
Build info: version: '4.10.0', revision: 'c14d967899'
System info: os.name: 'Mac OS X', os.arch: 'aarch64', os.version: '13.4.1', java.version: '17.0.6'
Driver info: org.openqa.selenium.chrome.ChromeDriver
Command: [2d1f3545531f3b374f9e2492635e766b, clickElement {id=E89621CD1DEB28BA4ABE7E8E260F12D9_element_81}]
Capabilities {acceptInsecureCerts: false, browserName: chrome, browserVersion: 114.0.5735.198, chrome: {chromedriverVersion: 114.0.5735.90 (386bc09e8f4f..., userDataDir: /var/folders/fs/n37ljzgx7g7...}, goog:chromeOptions: {debuggerAddress: localhost:56014}, networkConnectionEnabled: false, pageLoadStrategy: normal, platformName: mac, proxy: Proxy(), se:cdp: ws://localhost:56014/devtoo..., se:cdpVersion: 114.0.5735.198, setWindowRect: true, strictFileInteractability: false, timeouts: {implicit: 0, pageLoad: 300000, script: 30000}, unhandledPromptBehavior: dismiss and notify, webauthn:extension:credBlob: true, webauthn:extension:largeBlob: true, webauthn:extension:minPinLength: true, webauthn:extension:prf: true, webauthn:virtualAuthenticators: true}
Element: [[ChromeDriver: chrome on mac (2d1f3545531f3b374f9e2492635e766b)] -> xpath: //a[contains(@href,'/dashboard')]]
Session ID: 2d1f3545531f3b374f9e2492635e766b
at java.base/jdk.internal.reflect.NativeConstructorAccessorImpl.newInstance0(Native Method)
at java.base/jdk.internal.reflect.NativeConstructorAccessorImpl.newInstance(NativeConstructorAccessorImpl.java:77)
at java.base/jdk.internal.reflect.DelegatingConstructorAccessorImpl.newInstance(DelegatingConstructorAccessorImpl.java:45)
at java.base/java.lang.reflect.Constructor.newInstanceWithCaller(Constructor.java:499)
at java.base/java.lang.reflect.Constructor.newInstance(Constructor.java:480)
at org.openqa.selenium.remote.codec.w3c.W3CHttpResponseCodec.createException(W3CHttpResponseCodec.java:199)
at org.openqa.selenium.remote.codec.w3c.W3CHttpResponseCodec.decode(W3CHttpResponseCodec.java:132)
at org.openqa.selenium.remote.codec.w3c.W3CHttpResponseCodec.decode(W3CHttpResponseCodec.java:51)
at org.openqa.selenium.remote.HttpCommandExecutor.execute(HttpCommandExecutor.java:191)
at org.openqa.selenium.remote.service.DriverCommandExecutor.invokeExecute(DriverCommandExecutor.java:196)
at org.openqa.selenium.remote.service.DriverCommandExecutor.execute(DriverCommandExecutor.java:171)
at org.openqa.selenium.remote.RemoteWebDriver.execute(RemoteWebDriver.java:531)
at org.openqa.selenium.remote.RemoteWebElement.execute(RemoteWebElement.java:242)
at org.openqa.selenium.remote.RemoteWebElement.click(RemoteWebElement.java:77)
at jdk.internal.reflect.GeneratedMethodAccessor7.invoke(Unknown Source)
at java.base/jdk.internal.reflect.DelegatingMethodAccessorImpl.invoke(DelegatingMethodAccessorImpl.java:43)
at java.base/java.lang.reflect.Method.invoke(Method.java:568)
at org.openqa.selenium.support.pagefactory.internal.LocatingElementHandler.invoke(LocatingElementHandler.java:51)
at jdk.proxy2/jdk.proxy2.$Proxy22.click(Unknown Source)
at com.jbkqa.pageObjects.SignUpPage.dashboardPage(SignUpPage.java:121)
at com.jbkqa.testCases.TC_32_SignUpDataDrivenTest.SignUpDataDrivenTest(TC_32_SignUpDataDrivenTest.java:54)
at java.base/jdk.internal.reflect.NativeMethodAccessorImpl.invoke0(Native Method)
at java.base/jdk.internal.reflect.NativeMethodAccessorImpl.invoke(NativeMethodAccessorImpl.java:77)
at java.base/jdk.internal.reflect.DelegatingMethodAccessorImpl.invoke(DelegatingMethodAccessorImpl.java:43)
at java.base/java.lang.reflect.Method.invoke(Method.java:568)
at org.testng.internal.invokers.MethodInvocationHelper.invokeMethod(MethodInvocationHelper.java:139)
at org.testng.internal.invokers.TestInvoker.invokeMethod(TestInvoker.java:664)
at org.testng.internal.invokers.TestInvoker.invokeTestMethod(TestInvoker.java:227)
at org.testng.internal.invokers.MethodRunner.runInSequence(MethodRunner.java:50)
at org.testng.internal.invokers.TestInvoker$MethodInvocationAgent.invoke(TestInvoker.java:957)
at org.testng.internal.invokers.TestInvoker.invokeTestMethods(TestInvoker.java:200)
at org.testng.internal.invokers.TestMethodWorker.invokeTestMethods(TestMethodWorker.java:148)
at org.testng.internal.invokers.TestMethodWorker.run(TestMethodWorker.java:128)
at java.base/java.util.ArrayList.forEach(ArrayList.java:1511)
at org.testng.TestRunner.privateRun(TestRunner.java:848)
at org.testng.TestRunner.run(TestRunner.java:621)
at org.testng.SuiteRunner.runTest(SuiteRunner.java:443)
at org.testng.SuiteRunner.runSequentially(SuiteRunner.java:437)
at org.testng.SuiteRunner.privateRun(SuiteRunner.java:397)
at org.testng.SuiteRunner.run(SuiteRunner.java:336)
at org.testng.SuiteRunnerWorker.runSuite(SuiteRunnerWorker.java:52)
at org.testng.SuiteRunnerWorker.run(SuiteRunnerWorker.java:95)
at org.testng.TestNG.runSuitesSequentially(TestNG.java:1280)
at org.testng.TestNG.runSuitesLocally(TestNG.java:1200)
at org.testng.TestNG.runSuites(TestNG.java:1114)
at org.testng.TestNG.run(TestNG.java:1082)
at org.testng.remote.AbstractRemoteTestNG.run(AbstractRemoteTestNG.java:115)
at org.testng.remote.RemoteTestNG.initAndRun(RemoteTestNG.java:251)
at org.testng.remote.RemoteTestNG.main(RemoteTestNG.java:77)
]]>
            </full-stacktrace>
          </exception> <!-- org.openqa.selenium.ElementNotInteractableException -->
          <reporter-output>
          </reporter-output>
        </test-method> <!-- SignUpDataDrivenTest -->
        <test-method is-config="true" signature="signUpFailedScreenshot(org.testng.ITestResult)[pri:0, instance:com.jbkqa.testCases.TC_32_SignUpDataDrivenTest@55cf0d14]" started-at="2023-07-19T11:22:19 IST" name="signUpFailedScreenshot" finished-at="2023-07-19T11:22:19 IST" duration-ms="191" status="PASS">
          <params>
            <param index="0">
              <value>
                <![CDATA[[TestResult name=SignUpDataDrivenTest status=FAILURE method=TC_32_SignUpDataDrivenTest.SignUpDataDrivenTest(java.lang.String,java.lang.String,java.lang.String)[pri:0, instance:com.jbkqa.testCases.TC_32_SignUpDataDrivenTest@55cf0d14] output={null}]]]>
              </value>
            </param>
          </params>
          <reporter-output>
          </reporter-output>
        </test-method> <!-- signUpFailedScreenshot -->
        <test-method signature="SignUpDataDrivenTest(java.lang.String,java.lang.String,java.lang.String)[pri:0, instance:com.jbkqa.testCases.TC_32_SignUpDataDrivenTest@55cf0d14]" started-at="2023-07-19T11:22:19 IST" name="SignUpDataDrivenTest" data-provider="jbkSignUpData" finished-at="2023-07-19T11:22:40 IST" duration-ms="20335" status="FAIL">
          <params>
            <param index="0">
              <value>
                <![CDATA[UserNameNew]]>
              </value>
            </param>
            <param index="1">
              <value>
                <![CDATA[user.new@rediff.com]]>
              </value>
            </param>
            <param index="2">
              <value>
                <![CDATA[6658022996]]>
              </value>
            </param>
          </params>
          <exception class="org.openqa.selenium.ElementNotInteractableException">
            <message>
              <![CDATA[element not interactable
  (Session info: chrome=114.0.5735.198)
Build info: version: '4.10.0', revision: 'c14d967899'
System info: os.name: 'Mac OS X', os.arch: 'aarch64', os.version: '13.4.1', java.version: '17.0.6'
Driver info: org.openqa.selenium.chrome.ChromeDriver
Command: [2d1f3545531f3b374f9e2492635e766b, clickElement {id=0AE8B85A17E115E4922EBF289EC8A2AE_element_106}]
Capabilities {acceptInsecureCerts: false, browserName: chrome, browserVersion: 114.0.5735.198, chrome: {chromedriverVersion: 114.0.5735.90 (386bc09e8f4f..., userDataDir: /var/folders/fs/n37ljzgx7g7...}, goog:chromeOptions: {debuggerAddress: localhost:56014}, networkConnectionEnabled: false, pageLoadStrategy: normal, platformName: mac, proxy: Proxy(), se:cdp: ws://localhost:56014/devtoo..., se:cdpVersion: 114.0.5735.198, setWindowRect: true, strictFileInteractability: false, timeouts: {implicit: 0, pageLoad: 300000, script: 30000}, unhandledPromptBehavior: dismiss and notify, webauthn:extension:credBlob: true, webauthn:extension:largeBlob: true, webauthn:extension:minPinLength: true, webauthn:extension:prf: true, webauthn:virtualAuthenticators: true}
Element: [[ChromeDriver: chrome on mac (2d1f3545531f3b374f9e2492635e766b)] -> xpath: //a[contains(@href,'/dashboard')]]
Session ID: 2d1f3545531f3b374f9e2492635e766b]]>
            </message>
            <full-stacktrace>
              <![CDATA[org.openqa.selenium.ElementNotInteractableException: element not interactable
  (Session info: chrome=114.0.5735.198)
Build info: version: '4.10.0', revision: 'c14d967899'
System info: os.name: 'Mac OS X', os.arch: 'aarch64', os.version: '13.4.1', java.version: '17.0.6'
Driver info: org.openqa.selenium.chrome.ChromeDriver
Command: [2d1f3545531f3b374f9e2492635e766b, clickElement {id=0AE8B85A17E115E4922EBF289EC8A2AE_element_106}]
Capabilities {acceptInsecureCerts: false, browserName: chrome, browserVersion: 114.0.5735.198, chrome: {chromedriverVersion: 114.0.5735.90 (386bc09e8f4f..., userDataDir: /var/folders/fs/n37ljzgx7g7...}, goog:chromeOptions: {debuggerAddress: localhost:56014}, networkConnectionEnabled: false, pageLoadStrategy: normal, platformName: mac, proxy: Proxy(), se:cdp: ws://localhost:56014/devtoo..., se:cdpVersion: 114.0.5735.198, setWindowRect: true, strictFileInteractability: false, timeouts: {implicit: 0, pageLoad: 300000, script: 30000}, unhandledPromptBehavior: dismiss and notify, webauthn:extension:credBlob: true, webauthn:extension:largeBlob: true, webauthn:extension:minPinLength: true, webauthn:extension:prf: true, webauthn:virtualAuthenticators: true}
Element: [[ChromeDriver: chrome on mac (2d1f3545531f3b374f9e2492635e766b)] -> xpath: //a[contains(@href,'/dashboard')]]
Session ID: 2d1f3545531f3b374f9e2492635e766b
at java.base/jdk.internal.reflect.NativeConstructorAccessorImpl.newInstance0(Native Method)
at java.base/jdk.internal.reflect.NativeConstructorAccessorImpl.newInstance(NativeConstructorAccessorImpl.java:77)
at java.base/jdk.internal.reflect.DelegatingConstructorAccessorImpl.newInstance(DelegatingConstructorAccessorImpl.java:45)
at java.base/java.lang.reflect.Constructor.newInstanceWithCaller(Constructor.java:499)
at java.base/java.lang.reflect.Constructor.newInstance(Constructor.java:480)
at org.openqa.selenium.remote.codec.w3c.W3CHttpResponseCodec.createException(W3CHttpResponseCodec.java:199)
at org.openqa.selenium.remote.codec.w3c.W3CHttpResponseCodec.decode(W3CHttpResponseCodec.java:132)
at org.openqa.selenium.remote.codec.w3c.W3CHttpResponseCodec.decode(W3CHttpResponseCodec.java:51)
at org.openqa.selenium.remote.HttpCommandExecutor.execute(HttpCommandExecutor.java:191)
at org.openqa.selenium.remote.service.DriverCommandExecutor.invokeExecute(DriverCommandExecutor.java:196)
at org.openqa.selenium.remote.service.DriverCommandExecutor.execute(DriverCommandExecutor.java:171)
at org.openqa.selenium.remote.RemoteWebDriver.execute(RemoteWebDriver.java:531)
at org.openqa.selenium.remote.RemoteWebElement.execute(RemoteWebElement.java:242)
at org.openqa.selenium.remote.RemoteWebElement.click(RemoteWebElement.java:77)
at jdk.internal.reflect.GeneratedMethodAccessor7.invoke(Unknown Source)
at java.base/jdk.internal.reflect.DelegatingMethodAccessorImpl.invoke(DelegatingMethodAccessorImpl.java:43)
at java.base/java.lang.reflect.Method.invoke(Method.java:568)
at org.openqa.selenium.support.pagefactory.internal.LocatingElementHandler.invoke(LocatingElementHandler.java:51)
at jdk.proxy2/jdk.proxy2.$Proxy22.click(Unknown Source)
at com.jbkqa.pageObjects.SignUpPage.dashboardPage(SignUpPage.java:121)
at com.jbkqa.testCases.TC_32_SignUpDataDrivenTest.SignUpDataDrivenTest(TC_32_SignUpDataDrivenTest.java:54)
at java.base/jdk.internal.reflect.NativeMethodAccessorImpl.invoke0(Native Method)
at java.base/jdk.internal.reflect.NativeMethodAccessorImpl.invoke(NativeMethodAccessorImpl.java:77)
at java.base/jdk.internal.reflect.DelegatingMethodAccessorImpl.invoke(DelegatingMethodAccessorImpl.java:43)
at java.base/java.lang.reflect.Method.invoke(Method.java:568)
at org.testng.internal.invokers.MethodInvocationHelper.invokeMethod(MethodInvocationHelper.java:139)
at org.testng.internal.invokers.TestInvoker.invokeMethod(TestInvoker.java:664)
at org.testng.internal.invokers.TestInvoker.invokeTestMethod(TestInvoker.java:227)
at org.testng.internal.invokers.MethodRunner.runInSequence(MethodRunner.java:50)
at org.testng.internal.invokers.TestInvoker$MethodInvocationAgent.invoke(TestInvoker.java:957)
at org.testng.internal.invokers.TestInvoker.invokeTestMethods(TestInvoker.java:200)
at org.testng.internal.invokers.TestMethodWorker.invokeTestMethods(TestMethodWorker.java:148)
at org.testng.internal.invokers.TestMethodWorker.run(TestMethodWorker.java:128)
at java.base/java.util.ArrayList.forEach(ArrayList.java:1511)
at org.testng.TestRunner.privateRun(TestRunner.java:848)
at org.testng.TestRunner.run(TestRunner.java:621)
at org.testng.SuiteRunner.runTest(SuiteRunner.java:443)
at org.testng.SuiteRunner.runSequentially(SuiteRunner.java:437)
at org.testng.SuiteRunner.privateRun(SuiteRunner.java:397)
at org.testng.SuiteRunner.run(SuiteRunner.java:336)
at org.testng.SuiteRunnerWorker.runSuite(SuiteRunnerWorker.java:52)
at org.testng.SuiteRunnerWorker.run(SuiteRunnerWorker.java:95)
at org.testng.TestNG.runSuitesSequentially(TestNG.java:1280)
at org.testng.TestNG.runSuitesLocally(TestNG.java:1200)
at org.testng.TestNG.runSuites(TestNG.java:1114)
at org.testng.TestNG.run(TestNG.java:1082)
at org.testng.remote.AbstractRemoteTestNG.run(AbstractRemoteTestNG.java:115)
at org.testng.remote.RemoteTestNG.initAndRun(RemoteTestNG.java:251)
at org.testng.remote.RemoteTestNG.main(RemoteTestNG.java:77)
]]>
            </full-stacktrace>
          </exception> <!-- org.openqa.selenium.ElementNotInteractableException -->
          <reporter-output>
          </reporter-output>
        </test-method> <!-- SignUpDataDrivenTest -->
        <test-method is-config="true" signature="signUpFailedScreenshot(org.testng.ITestResult)[pri:0, instance:com.jbkqa.testCases.TC_32_SignUpDataDrivenTest@55cf0d14]" started-at="2023-07-19T11:22:40 IST" name="signUpFailedScreenshot" finished-at="2023-07-19T11:22:40 IST" duration-ms="172" status="PASS">
          <params>
            <param index="0">
              <value>
                <![CDATA[[TestResult name=SignUpDataDrivenTest status=FAILURE method=TC_32_SignUpDataDrivenTest.SignUpDataDrivenTest(java.lang.String,java.lang.String,java.lang.String)[pri:0, instance:com.jbkqa.testCases.TC_32_SignUpDataDrivenTest@55cf0d14] output={null}]]]>
              </value>
            </param>
          </params>
          <reporter-output>
          </reporter-output>
        </test-method> <!-- signUpFailedScreenshot -->
        <test-method signature="SignUpDataDrivenTest(java.lang.String,java.lang.String,java.lang.String)[pri:0, instance:com.jbkqa.testCases.TC_32_SignUpDataDrivenTest@55cf0d14]" started-at="2023-07-19T11:22:40 IST" name="SignUpDataDrivenTest" data-provider="jbkSignUpData" finished-at="2023-07-19T11:23:00 IST" duration-ms="20339" status="FAIL">
          <params>
            <param index="0">
              <value>
                <![CDATA[]]>
              </value>
            </param>
            <param index="1">
              <value>
                <![CDATA[rohan@gmail.com]]>
              </value>
            </param>
            <param index="2">
              <value>
                <![CDATA[3000049804]]>
              </value>
            </param>
          </params>
          <exception class="org.openqa.selenium.ElementNotInteractableException">
            <message>
              <![CDATA[element not interactable
  (Session info: chrome=114.0.5735.198)
Build info: version: '4.10.0', revision: 'c14d967899'
System info: os.name: 'Mac OS X', os.arch: 'aarch64', os.version: '13.4.1', java.version: '17.0.6'
Driver info: org.openqa.selenium.chrome.ChromeDriver
Command: [2d1f3545531f3b374f9e2492635e766b, clickElement {id=423FEE971D11A8C8E3A3FC5307AE746F_element_131}]
Capabilities {acceptInsecureCerts: false, browserName: chrome, browserVersion: 114.0.5735.198, chrome: {chromedriverVersion: 114.0.5735.90 (386bc09e8f4f..., userDataDir: /var/folders/fs/n37ljzgx7g7...}, goog:chromeOptions: {debuggerAddress: localhost:56014}, networkConnectionEnabled: false, pageLoadStrategy: normal, platformName: mac, proxy: Proxy(), se:cdp: ws://localhost:56014/devtoo..., se:cdpVersion: 114.0.5735.198, setWindowRect: true, strictFileInteractability: false, timeouts: {implicit: 0, pageLoad: 300000, script: 30000}, unhandledPromptBehavior: dismiss and notify, webauthn:extension:credBlob: true, webauthn:extension:largeBlob: true, webauthn:extension:minPinLength: true, webauthn:extension:prf: true, webauthn:virtualAuthenticators: true}
Element: [[ChromeDriver: chrome on mac (2d1f3545531f3b374f9e2492635e766b)] -> xpath: //a[contains(@href,'/dashboard')]]
Session ID: 2d1f3545531f3b374f9e2492635e766b]]>
            </message>
            <full-stacktrace>
              <![CDATA[org.openqa.selenium.ElementNotInteractableException: element not interactable
  (Session info: chrome=114.0.5735.198)
Build info: version: '4.10.0', revision: 'c14d967899'
System info: os.name: 'Mac OS X', os.arch: 'aarch64', os.version: '13.4.1', java.version: '17.0.6'
Driver info: org.openqa.selenium.chrome.ChromeDriver
Command: [2d1f3545531f3b374f9e2492635e766b, clickElement {id=423FEE971D11A8C8E3A3FC5307AE746F_element_131}]
Capabilities {acceptInsecureCerts: false, browserName: chrome, browserVersion: 114.0.5735.198, chrome: {chromedriverVersion: 114.0.5735.90 (386bc09e8f4f..., userDataDir: /var/folders/fs/n37ljzgx7g7...}, goog:chromeOptions: {debuggerAddress: localhost:56014}, networkConnectionEnabled: false, pageLoadStrategy: normal, platformName: mac, proxy: Proxy(), se:cdp: ws://localhost:56014/devtoo..., se:cdpVersion: 114.0.5735.198, setWindowRect: true, strictFileInteractability: false, timeouts: {implicit: 0, pageLoad: 300000, script: 30000}, unhandledPromptBehavior: dismiss and notify, webauthn:extension:credBlob: true, webauthn:extension:largeBlob: true, webauthn:extension:minPinLength: true, webauthn:extension:prf: true, webauthn:virtualAuthenticators: true}
Element: [[ChromeDriver: chrome on mac (2d1f3545531f3b374f9e2492635e766b)] -> xpath: //a[contains(@href,'/dashboard')]]
Session ID: 2d1f3545531f3b374f9e2492635e766b
at java.base/jdk.internal.reflect.NativeConstructorAccessorImpl.newInstance0(Native Method)
at java.base/jdk.internal.reflect.NativeConstructorAccessorImpl.newInstance(NativeConstructorAccessorImpl.java:77)
at java.base/jdk.internal.reflect.DelegatingConstructorAccessorImpl.newInstance(DelegatingConstructorAccessorImpl.java:45)
at java.base/java.lang.reflect.Constructor.newInstanceWithCaller(Constructor.java:499)
at java.base/java.lang.reflect.Constructor.newInstance(Constructor.java:480)
at org.openqa.selenium.remote.codec.w3c.W3CHttpResponseCodec.createException(W3CHttpResponseCodec.java:199)
at org.openqa.selenium.remote.codec.w3c.W3CHttpResponseCodec.decode(W3CHttpResponseCodec.java:132)
at org.openqa.selenium.remote.codec.w3c.W3CHttpResponseCodec.decode(W3CHttpResponseCodec.java:51)
at org.openqa.selenium.remote.HttpCommandExecutor.execute(HttpCommandExecutor.java:191)
at org.openqa.selenium.remote.service.DriverCommandExecutor.invokeExecute(DriverCommandExecutor.java:196)
at org.openqa.selenium.remote.service.DriverCommandExecutor.execute(DriverCommandExecutor.java:171)
at org.openqa.selenium.remote.RemoteWebDriver.execute(RemoteWebDriver.java:531)
at org.openqa.selenium.remote.RemoteWebElement.execute(RemoteWebElement.java:242)
at org.openqa.selenium.remote.RemoteWebElement.click(RemoteWebElement.java:77)
at jdk.internal.reflect.GeneratedMethodAccessor7.invoke(Unknown Source)
at java.base/jdk.internal.reflect.DelegatingMethodAccessorImpl.invoke(DelegatingMethodAccessorImpl.java:43)
at java.base/java.lang.reflect.Method.invoke(Method.java:568)
at org.openqa.selenium.support.pagefactory.internal.LocatingElementHandler.invoke(LocatingElementHandler.java:51)
at jdk.proxy2/jdk.proxy2.$Proxy22.click(Unknown Source)
at com.jbkqa.pageObjects.SignUpPage.dashboardPage(SignUpPage.java:121)
at com.jbkqa.testCases.TC_32_SignUpDataDrivenTest.SignUpDataDrivenTest(TC_32_SignUpDataDrivenTest.java:54)
at java.base/jdk.internal.reflect.NativeMethodAccessorImpl.invoke0(Native Method)
at java.base/jdk.internal.reflect.NativeMethodAccessorImpl.invoke(NativeMethodAccessorImpl.java:77)
at java.base/jdk.internal.reflect.DelegatingMethodAccessorImpl.invoke(DelegatingMethodAccessorImpl.java:43)
at java.base/java.lang.reflect.Method.invoke(Method.java:568)
at org.testng.internal.invokers.MethodInvocationHelper.invokeMethod(MethodInvocationHelper.java:139)
at org.testng.internal.invokers.TestInvoker.invokeMethod(TestInvoker.java:664)
at org.testng.internal.invokers.TestInvoker.invokeTestMethod(TestInvoker.java:227)
at org.testng.internal.invokers.MethodRunner.runInSequence(MethodRunner.java:50)
at org.testng.internal.invokers.TestInvoker$MethodInvocationAgent.invoke(TestInvoker.java:957)
at org.testng.internal.invokers.TestInvoker.invokeTestMethods(TestInvoker.java:200)
at org.testng.internal.invokers.TestMethodWorker.invokeTestMethods(TestMethodWorker.java:148)
at org.testng.internal.invokers.TestMethodWorker.run(TestMethodWorker.java:128)
at java.base/java.util.ArrayList.forEach(ArrayList.java:1511)
at org.testng.TestRunner.privateRun(TestRunner.java:848)
at org.testng.TestRunner.run(TestRunner.java:621)
at org.testng.SuiteRunner.runTest(SuiteRunner.java:443)
at org.testng.SuiteRunner.runSequentially(SuiteRunner.java:437)
at org.testng.SuiteRunner.privateRun(SuiteRunner.java:397)
at org.testng.SuiteRunner.run(SuiteRunner.java:336)
at org.testng.SuiteRunnerWorker.runSuite(SuiteRunnerWorker.java:52)
at org.testng.SuiteRunnerWorker.run(SuiteRunnerWorker.java:95)
at org.testng.TestNG.runSuitesSequentially(TestNG.java:1280)
at org.testng.TestNG.runSuitesLocally(TestNG.java:1200)
at org.testng.TestNG.runSuites(TestNG.java:1114)
at org.testng.TestNG.run(TestNG.java:1082)
at org.testng.remote.AbstractRemoteTestNG.run(AbstractRemoteTestNG.java:115)
at org.testng.remote.RemoteTestNG.initAndRun(RemoteTestNG.java:251)
at org.testng.remote.RemoteTestNG.main(RemoteTestNG.java:77)
]]>
            </full-stacktrace>
          </exception> <!-- org.openqa.selenium.ElementNotInteractableException -->
          <reporter-output>
          </reporter-output>
        </test-method> <!-- SignUpDataDrivenTest -->
        <test-method is-config="true" signature="signUpFailedScreenshot(org.testng.ITestResult)[pri:0, instance:com.jbkqa.testCases.TC_32_SignUpDataDrivenTest@55cf0d14]" started-at="2023-07-19T11:23:00 IST" name="signUpFailedScreenshot" finished-at="2023-07-19T11:23:00 IST" duration-ms="173" status="PASS">
          <params>
            <param index="0">
              <value>
                <![CDATA[[TestResult name=SignUpDataDrivenTest status=FAILURE method=TC_32_SignUpDataDrivenTest.SignUpDataDrivenTest(java.lang.String,java.lang.String,java.lang.String)[pri:0, instance:com.jbkqa.testCases.TC_32_SignUpDataDrivenTest@55cf0d14] output={null}]]]>
              </value>
            </param>
          </params>
          <reporter-output>
          </reporter-output>
        </test-method> <!-- signUpFailedScreenshot -->
        <test-method signature="SignUpDataDrivenTest(java.lang.String,java.lang.String,java.lang.String)[pri:0, instance:com.jbkqa.testCases.TC_32_SignUpDataDrivenTest@55cf0d14]" started-at="2023-07-19T11:23:00 IST" name="SignUpDataDrivenTest" data-provider="jbkSignUpData" finished-at="2023-07-19T11:23:21 IST" duration-ms="20402" status="FAIL">
          <params>
            <param index="0">
              <value>
                <![CDATA[User?]]>
              </value>
            </param>
            <param index="1">
              <value>
                <![CDATA[@gmail.com]]>
              </value>
            </param>
            <param index="2">
              <value>
                <![CDATA[1645287230]]>
              </value>
            </param>
          </params>
          <exception class="org.openqa.selenium.ElementNotInteractableException">
            <message>
              <![CDATA[element not interactable
  (Session info: chrome=114.0.5735.198)
Build info: version: '4.10.0', revision: 'c14d967899'
System info: os.name: 'Mac OS X', os.arch: 'aarch64', os.version: '13.4.1', java.version: '17.0.6'
Driver info: org.openqa.selenium.chrome.ChromeDriver
Command: [2d1f3545531f3b374f9e2492635e766b, clickElement {id=2A2F2112DD662645EA0D3B35A4F3691F_element_156}]
Capabilities {acceptInsecureCerts: false, browserName: chrome, browserVersion: 114.0.5735.198, chrome: {chromedriverVersion: 114.0.5735.90 (386bc09e8f4f..., userDataDir: /var/folders/fs/n37ljzgx7g7...}, goog:chromeOptions: {debuggerAddress: localhost:56014}, networkConnectionEnabled: false, pageLoadStrategy: normal, platformName: mac, proxy: Proxy(), se:cdp: ws://localhost:56014/devtoo..., se:cdpVersion: 114.0.5735.198, setWindowRect: true, strictFileInteractability: false, timeouts: {implicit: 0, pageLoad: 300000, script: 30000}, unhandledPromptBehavior: dismiss and notify, webauthn:extension:credBlob: true, webauthn:extension:largeBlob: true, webauthn:extension:minPinLength: true, webauthn:extension:prf: true, webauthn:virtualAuthenticators: true}
Element: [[ChromeDriver: chrome on mac (2d1f3545531f3b374f9e2492635e766b)] -> xpath: //a[contains(@href,'/dashboard')]]
Session ID: 2d1f3545531f3b374f9e2492635e766b]]>
            </message>
            <full-stacktrace>
              <![CDATA[org.openqa.selenium.ElementNotInteractableException: element not interactable
  (Session info: chrome=114.0.5735.198)
Build info: version: '4.10.0', revision: 'c14d967899'
System info: os.name: 'Mac OS X', os.arch: 'aarch64', os.version: '13.4.1', java.version: '17.0.6'
Driver info: org.openqa.selenium.chrome.ChromeDriver
Command: [2d1f3545531f3b374f9e2492635e766b, clickElement {id=2A2F2112DD662645EA0D3B35A4F3691F_element_156}]
Capabilities {acceptInsecureCerts: false, browserName: chrome, browserVersion: 114.0.5735.198, chrome: {chromedriverVersion: 114.0.5735.90 (386bc09e8f4f..., userDataDir: /var/folders/fs/n37ljzgx7g7...}, goog:chromeOptions: {debuggerAddress: localhost:56014}, networkConnectionEnabled: false, pageLoadStrategy: normal, platformName: mac, proxy: Proxy(), se:cdp: ws://localhost:56014/devtoo..., se:cdpVersion: 114.0.5735.198, setWindowRect: true, strictFileInteractability: false, timeouts: {implicit: 0, pageLoad: 300000, script: 30000}, unhandledPromptBehavior: dismiss and notify, webauthn:extension:credBlob: true, webauthn:extension:largeBlob: true, webauthn:extension:minPinLength: true, webauthn:extension:prf: true, webauthn:virtualAuthenticators: true}
Element: [[ChromeDriver: chrome on mac (2d1f3545531f3b374f9e2492635e766b)] -> xpath: //a[contains(@href,'/dashboard')]]
Session ID: 2d1f3545531f3b374f9e2492635e766b
at java.base/jdk.internal.reflect.NativeConstructorAccessorImpl.newInstance0(Native Method)
at java.base/jdk.internal.reflect.NativeConstructorAccessorImpl.newInstance(NativeConstructorAccessorImpl.java:77)
at java.base/jdk.internal.reflect.DelegatingConstructorAccessorImpl.newInstance(DelegatingConstructorAccessorImpl.java:45)
at java.base/java.lang.reflect.Constructor.newInstanceWithCaller(Constructor.java:499)
at java.base/java.lang.reflect.Constructor.newInstance(Constructor.java:480)
at org.openqa.selenium.remote.codec.w3c.W3CHttpResponseCodec.createException(W3CHttpResponseCodec.java:199)
at org.openqa.selenium.remote.codec.w3c.W3CHttpResponseCodec.decode(W3CHttpResponseCodec.java:132)
at org.openqa.selenium.remote.codec.w3c.W3CHttpResponseCodec.decode(W3CHttpResponseCodec.java:51)
at org.openqa.selenium.remote.HttpCommandExecutor.execute(HttpCommandExecutor.java:191)
at org.openqa.selenium.remote.service.DriverCommandExecutor.invokeExecute(DriverCommandExecutor.java:196)
at org.openqa.selenium.remote.service.DriverCommandExecutor.execute(DriverCommandExecutor.java:171)
at org.openqa.selenium.remote.RemoteWebDriver.execute(RemoteWebDriver.java:531)
at org.openqa.selenium.remote.RemoteWebElement.execute(RemoteWebElement.java:242)
at org.openqa.selenium.remote.RemoteWebElement.click(RemoteWebElement.java:77)
at jdk.internal.reflect.GeneratedMethodAccessor7.invoke(Unknown Source)
at java.base/jdk.internal.reflect.DelegatingMethodAccessorImpl.invoke(DelegatingMethodAccessorImpl.java:43)
at java.base/java.lang.reflect.Method.invoke(Method.java:568)
at org.openqa.selenium.support.pagefactory.internal.LocatingElementHandler.invoke(LocatingElementHandler.java:51)
at jdk.proxy2/jdk.proxy2.$Proxy22.click(Unknown Source)
at com.jbkqa.pageObjects.SignUpPage.dashboardPage(SignUpPage.java:121)
at com.jbkqa.testCases.TC_32_SignUpDataDrivenTest.SignUpDataDrivenTest(TC_32_SignUpDataDrivenTest.java:54)
at java.base/jdk.internal.reflect.NativeMethodAccessorImpl.invoke0(Native Method)
at java.base/jdk.internal.reflect.NativeMethodAccessorImpl.invoke(NativeMethodAccessorImpl.java:77)
at java.base/jdk.internal.reflect.DelegatingMethodAccessorImpl.invoke(DelegatingMethodAccessorImpl.java:43)
at java.base/java.lang.reflect.Method.invoke(Method.java:568)
at org.testng.internal.invokers.MethodInvocationHelper.invokeMethod(MethodInvocationHelper.java:139)
at org.testng.internal.invokers.TestInvoker.invokeMethod(TestInvoker.java:664)
at org.testng.internal.invokers.TestInvoker.invokeTestMethod(TestInvoker.java:227)
at org.testng.internal.invokers.MethodRunner.runInSequence(MethodRunner.java:50)
at org.testng.internal.invokers.TestInvoker$MethodInvocationAgent.invoke(TestInvoker.java:957)
at org.testng.internal.invokers.TestInvoker.invokeTestMethods(TestInvoker.java:200)
at org.testng.internal.invokers.TestMethodWorker.invokeTestMethods(TestMethodWorker.java:148)
at org.testng.internal.invokers.TestMethodWorker.run(TestMethodWorker.java:128)
at java.base/java.util.ArrayList.forEach(ArrayList.java:1511)
at org.testng.TestRunner.privateRun(TestRunner.java:848)
at org.testng.TestRunner.run(TestRunner.java:621)
at org.testng.SuiteRunner.runTest(SuiteRunner.java:443)
at org.testng.SuiteRunner.runSequentially(SuiteRunner.java:437)
at org.testng.SuiteRunner.privateRun(SuiteRunner.java:397)
at org.testng.SuiteRunner.run(SuiteRunner.java:336)
at org.testng.SuiteRunnerWorker.runSuite(SuiteRunnerWorker.java:52)
at org.testng.SuiteRunnerWorker.run(SuiteRunnerWorker.java:95)
at org.testng.TestNG.runSuitesSequentially(TestNG.java:1280)
at org.testng.TestNG.runSuitesLocally(TestNG.java:1200)
at org.testng.TestNG.runSuites(TestNG.java:1114)
at org.testng.TestNG.run(TestNG.java:1082)
at org.testng.remote.AbstractRemoteTestNG.run(AbstractRemoteTestNG.java:115)
at org.testng.remote.RemoteTestNG.initAndRun(RemoteTestNG.java:251)
at org.testng.remote.RemoteTestNG.main(RemoteTestNG.java:77)
]]>
            </full-stacktrace>
          </exception> <!-- org.openqa.selenium.ElementNotInteractableException -->
          <reporter-output>
          </reporter-output>
        </test-method> <!-- SignUpDataDrivenTest -->
        <test-method is-config="true" signature="signUpFailedScreenshot(org.testng.ITestResult)[pri:0, instance:com.jbkqa.testCases.TC_32_SignUpDataDrivenTest@55cf0d14]" started-at="2023-07-19T11:23:21 IST" name="signUpFailedScreenshot" finished-at="2023-07-19T11:23:21 IST" duration-ms="179" status="PASS">
          <params>
            <param index="0">
              <value>
                <![CDATA[[TestResult name=SignUpDataDrivenTest status=FAILURE method=TC_32_SignUpDataDrivenTest.SignUpDataDrivenTest(java.lang.String,java.lang.String,java.lang.String)[pri:0, instance:com.jbkqa.testCases.TC_32_SignUpDataDrivenTest@55cf0d14] output={null}]]]>
              </value>
            </param>
          </params>
          <reporter-output>
          </reporter-output>
        </test-method> <!-- signUpFailedScreenshot -->
        <test-method signature="SignUpDataDrivenTest(java.lang.String,java.lang.String,java.lang.String)[pri:0, instance:com.jbkqa.testCases.TC_32_SignUpDataDrivenTest@55cf0d14]" started-at="2023-07-19T11:23:21 IST" name="SignUpDataDrivenTest" data-provider="jbkSignUpData" finished-at="2023-07-19T11:23:41 IST" duration-ms="20360" status="FAIL">
          <params>
            <param index="0">
              <value>
                <![CDATA[2468Sita]]>
              </value>
            </param>
            <param index="1">
              <value>
                <![CDATA[2468Sita@gmail.com]]>
              </value>
            </param>
            <param index="2">
              <value>
                <![CDATA[8009912340]]>
              </value>
            </param>
          </params>
          <exception class="org.openqa.selenium.ElementNotInteractableException">
            <message>
              <![CDATA[element not interactable
  (Session info: chrome=114.0.5735.198)
Build info: version: '4.10.0', revision: 'c14d967899'
System info: os.name: 'Mac OS X', os.arch: 'aarch64', os.version: '13.4.1', java.version: '17.0.6'
Driver info: org.openqa.selenium.chrome.ChromeDriver
Command: [2d1f3545531f3b374f9e2492635e766b, clickElement {id=AA5E983AB7B6DB41BAF3C0658AA91BBE_element_178}]
Capabilities {acceptInsecureCerts: false, browserName: chrome, browserVersion: 114.0.5735.198, chrome: {chromedriverVersion: 114.0.5735.90 (386bc09e8f4f..., userDataDir: /var/folders/fs/n37ljzgx7g7...}, goog:chromeOptions: {debuggerAddress: localhost:56014}, networkConnectionEnabled: false, pageLoadStrategy: normal, platformName: mac, proxy: Proxy(), se:cdp: ws://localhost:56014/devtoo..., se:cdpVersion: 114.0.5735.198, setWindowRect: true, strictFileInteractability: false, timeouts: {implicit: 0, pageLoad: 300000, script: 30000}, unhandledPromptBehavior: dismiss and notify, webauthn:extension:credBlob: true, webauthn:extension:largeBlob: true, webauthn:extension:minPinLength: true, webauthn:extension:prf: true, webauthn:virtualAuthenticators: true}
Element: [[ChromeDriver: chrome on mac (2d1f3545531f3b374f9e2492635e766b)] -> xpath: //a[contains(@href,'/dashboard')]]
Session ID: 2d1f3545531f3b374f9e2492635e766b]]>
            </message>
            <full-stacktrace>
              <![CDATA[org.openqa.selenium.ElementNotInteractableException: element not interactable
  (Session info: chrome=114.0.5735.198)
Build info: version: '4.10.0', revision: 'c14d967899'
System info: os.name: 'Mac OS X', os.arch: 'aarch64', os.version: '13.4.1', java.version: '17.0.6'
Driver info: org.openqa.selenium.chrome.ChromeDriver
Command: [2d1f3545531f3b374f9e2492635e766b, clickElement {id=AA5E983AB7B6DB41BAF3C0658AA91BBE_element_178}]
Capabilities {acceptInsecureCerts: false, browserName: chrome, browserVersion: 114.0.5735.198, chrome: {chromedriverVersion: 114.0.5735.90 (386bc09e8f4f..., userDataDir: /var/folders/fs/n37ljzgx7g7...}, goog:chromeOptions: {debuggerAddress: localhost:56014}, networkConnectionEnabled: false, pageLoadStrategy: normal, platformName: mac, proxy: Proxy(), se:cdp: ws://localhost:56014/devtoo..., se:cdpVersion: 114.0.5735.198, setWindowRect: true, strictFileInteractability: false, timeouts: {implicit: 0, pageLoad: 300000, script: 30000}, unhandledPromptBehavior: dismiss and notify, webauthn:extension:credBlob: true, webauthn:extension:largeBlob: true, webauthn:extension:minPinLength: true, webauthn:extension:prf: true, webauthn:virtualAuthenticators: true}
Element: [[ChromeDriver: chrome on mac (2d1f3545531f3b374f9e2492635e766b)] -> xpath: //a[contains(@href,'/dashboard')]]
Session ID: 2d1f3545531f3b374f9e2492635e766b
at java.base/jdk.internal.reflect.NativeConstructorAccessorImpl.newInstance0(Native Method)
at java.base/jdk.internal.reflect.NativeConstructorAccessorImpl.newInstance(NativeConstructorAccessorImpl.java:77)
at java.base/jdk.internal.reflect.DelegatingConstructorAccessorImpl.newInstance(DelegatingConstructorAccessorImpl.java:45)
at java.base/java.lang.reflect.Constructor.newInstanceWithCaller(Constructor.java:499)
at java.base/java.lang.reflect.Constructor.newInstance(Constructor.java:480)
at org.openqa.selenium.remote.codec.w3c.W3CHttpResponseCodec.createException(W3CHttpResponseCodec.java:199)
at org.openqa.selenium.remote.codec.w3c.W3CHttpResponseCodec.decode(W3CHttpResponseCodec.java:132)
at org.openqa.selenium.remote.codec.w3c.W3CHttpResponseCodec.decode(W3CHttpResponseCodec.java:51)
at org.openqa.selenium.remote.HttpCommandExecutor.execute(HttpCommandExecutor.java:191)
at org.openqa.selenium.remote.service.DriverCommandExecutor.invokeExecute(DriverCommandExecutor.java:196)
at org.openqa.selenium.remote.service.DriverCommandExecutor.execute(DriverCommandExecutor.java:171)
at org.openqa.selenium.remote.RemoteWebDriver.execute(RemoteWebDriver.java:531)
at org.openqa.selenium.remote.RemoteWebElement.execute(RemoteWebElement.java:242)
at org.openqa.selenium.remote.RemoteWebElement.click(RemoteWebElement.java:77)
at jdk.internal.reflect.GeneratedMethodAccessor7.invoke(Unknown Source)
at java.base/jdk.internal.reflect.DelegatingMethodAccessorImpl.invoke(DelegatingMethodAccessorImpl.java:43)
at java.base/java.lang.reflect.Method.invoke(Method.java:568)
at org.openqa.selenium.support.pagefactory.internal.LocatingElementHandler.invoke(LocatingElementHandler.java:51)
at jdk.proxy2/jdk.proxy2.$Proxy22.click(Unknown Source)
at com.jbkqa.pageObjects.SignUpPage.dashboardPage(SignUpPage.java:121)
at com.jbkqa.testCases.TC_32_SignUpDataDrivenTest.SignUpDataDrivenTest(TC_32_SignUpDataDrivenTest.java:54)
at java.base/jdk.internal.reflect.NativeMethodAccessorImpl.invoke0(Native Method)
at java.base/jdk.internal.reflect.NativeMethodAccessorImpl.invoke(NativeMethodAccessorImpl.java:77)
at java.base/jdk.internal.reflect.DelegatingMethodAccessorImpl.invoke(DelegatingMethodAccessorImpl.java:43)
at java.base/java.lang.reflect.Method.invoke(Method.java:568)
at org.testng.internal.invokers.MethodInvocationHelper.invokeMethod(MethodInvocationHelper.java:139)
at org.testng.internal.invokers.TestInvoker.invokeMethod(TestInvoker.java:664)
at org.testng.internal.invokers.TestInvoker.invokeTestMethod(TestInvoker.java:227)
at org.testng.internal.invokers.MethodRunner.runInSequence(MethodRunner.java:50)
at org.testng.internal.invokers.TestInvoker$MethodInvocationAgent.invoke(TestInvoker.java:957)
at org.testng.internal.invokers.TestInvoker.invokeTestMethods(TestInvoker.java:200)
at org.testng.internal.invokers.TestMethodWorker.invokeTestMethods(TestMethodWorker.java:148)
at org.testng.internal.invokers.TestMethodWorker.run(TestMethodWorker.java:128)
at java.base/java.util.ArrayList.forEach(ArrayList.java:1511)
at org.testng.TestRunner.privateRun(TestRunner.java:848)
at org.testng.TestRunner.run(TestRunner.java:621)
at org.testng.SuiteRunner.runTest(SuiteRunner.java:443)
at org.testng.SuiteRunner.runSequentially(SuiteRunner.java:437)
at org.testng.SuiteRunner.privateRun(SuiteRunner.java:397)
at org.testng.SuiteRunner.run(SuiteRunner.java:336)
at org.testng.SuiteRunnerWorker.runSuite(SuiteRunnerWorker.java:52)
at org.testng.SuiteRunnerWorker.run(SuiteRunnerWorker.java:95)
at org.testng.TestNG.runSuitesSequentially(TestNG.java:1280)
at org.testng.TestNG.runSuitesLocally(TestNG.java:1200)
at org.testng.TestNG.runSuites(TestNG.java:1114)
at org.testng.TestNG.run(TestNG.java:1082)
at org.testng.remote.AbstractRemoteTestNG.run(AbstractRemoteTestNG.java:115)
at org.testng.remote.RemoteTestNG.initAndRun(RemoteTestNG.java:251)
at org.testng.remote.RemoteTestNG.main(RemoteTestNG.java:77)
]]>
            </full-stacktrace>
          </exception> <!-- org.openqa.selenium.ElementNotInteractableException -->
          <reporter-output>
          </reporter-output>
        </test-method> <!-- SignUpDataDrivenTest -->
        <test-method is-config="true" signature="signUpFailedScreenshot(org.testng.ITestResult)[pri:0, instance:com.jbkqa.testCases.TC_32_SignUpDataDrivenTest@55cf0d14]" started-at="2023-07-19T11:23:41 IST" name="signUpFailedScreenshot" finished-at="2023-07-19T11:23:41 IST" duration-ms="185" status="PASS">
          <params>
            <param index="0">
              <value>
                <![CDATA[[TestResult name=SignUpDataDrivenTest status=FAILURE method=TC_32_SignUpDataDrivenTest.SignUpDataDrivenTest(java.lang.String,java.lang.String,java.lang.String)[pri:0, instance:com.jbkqa.testCases.TC_32_SignUpDataDrivenTest@55cf0d14] output={null}]]]>
              </value>
            </param>
          </params>
          <reporter-output>
          </reporter-output>
        </test-method> <!-- signUpFailedScreenshot -->
        <test-method signature="SignUpDataDrivenTest(java.lang.String,java.lang.String,java.lang.String)[pri:0, instance:com.jbkqa.testCases.TC_32_SignUpDataDrivenTest@55cf0d14]" started-at="2023-07-19T11:23:41 IST" name="SignUpDataDrivenTest" data-provider="jbkSignUpData" finished-at="2023-07-19T11:24:02 IST" duration-ms="20356" status="FAIL">
          <params>
            <param index="0">
              <value>
                <![CDATA[Pranav Raj]]>
              </value>
            </param>
            <param index="1">
              <value>
                <![CDATA[pranav@gmail.com]]>
              </value>
            </param>
            <param index="2">
              <value>
                <![CDATA[6976015834]]>
              </value>
            </param>
          </params>
          <exception class="org.openqa.selenium.ElementNotInteractableException">
            <message>
              <![CDATA[element not interactable
  (Session info: chrome=114.0.5735.198)
Build info: version: '4.10.0', revision: 'c14d967899'
System info: os.name: 'Mac OS X', os.arch: 'aarch64', os.version: '13.4.1', java.version: '17.0.6'
Driver info: org.openqa.selenium.chrome.ChromeDriver
Command: [2d1f3545531f3b374f9e2492635e766b, clickElement {id=9DA24A84203BF5C6AE539F97DC42B939_element_203}]
Capabilities {acceptInsecureCerts: false, browserName: chrome, browserVersion: 114.0.5735.198, chrome: {chromedriverVersion: 114.0.5735.90 (386bc09e8f4f..., userDataDir: /var/folders/fs/n37ljzgx7g7...}, goog:chromeOptions: {debuggerAddress: localhost:56014}, networkConnectionEnabled: false, pageLoadStrategy: normal, platformName: mac, proxy: Proxy(), se:cdp: ws://localhost:56014/devtoo..., se:cdpVersion: 114.0.5735.198, setWindowRect: true, strictFileInteractability: false, timeouts: {implicit: 0, pageLoad: 300000, script: 30000}, unhandledPromptBehavior: dismiss and notify, webauthn:extension:credBlob: true, webauthn:extension:largeBlob: true, webauthn:extension:minPinLength: true, webauthn:extension:prf: true, webauthn:virtualAuthenticators: true}
Element: [[ChromeDriver: chrome on mac (2d1f3545531f3b374f9e2492635e766b)] -> xpath: //a[contains(@href,'/dashboard')]]
Session ID: 2d1f3545531f3b374f9e2492635e766b]]>
            </message>
            <full-stacktrace>
              <![CDATA[org.openqa.selenium.ElementNotInteractableException: element not interactable
  (Session info: chrome=114.0.5735.198)
Build info: version: '4.10.0', revision: 'c14d967899'
System info: os.name: 'Mac OS X', os.arch: 'aarch64', os.version: '13.4.1', java.version: '17.0.6'
Driver info: org.openqa.selenium.chrome.ChromeDriver
Command: [2d1f3545531f3b374f9e2492635e766b, clickElement {id=9DA24A84203BF5C6AE539F97DC42B939_element_203}]
Capabilities {acceptInsecureCerts: false, browserName: chrome, browserVersion: 114.0.5735.198, chrome: {chromedriverVersion: 114.0.5735.90 (386bc09e8f4f..., userDataDir: /var/folders/fs/n37ljzgx7g7...}, goog:chromeOptions: {debuggerAddress: localhost:56014}, networkConnectionEnabled: false, pageLoadStrategy: normal, platformName: mac, proxy: Proxy(), se:cdp: ws://localhost:56014/devtoo..., se:cdpVersion: 114.0.5735.198, setWindowRect: true, strictFileInteractability: false, timeouts: {implicit: 0, pageLoad: 300000, script: 30000}, unhandledPromptBehavior: dismiss and notify, webauthn:extension:credBlob: true, webauthn:extension:largeBlob: true, webauthn:extension:minPinLength: true, webauthn:extension:prf: true, webauthn:virtualAuthenticators: true}
Element: [[ChromeDriver: chrome on mac (2d1f3545531f3b374f9e2492635e766b)] -> xpath: //a[contains(@href,'/dashboard')]]
Session ID: 2d1f3545531f3b374f9e2492635e766b
at java.base/jdk.internal.reflect.NativeConstructorAccessorImpl.newInstance0(Native Method)
at java.base/jdk.internal.reflect.NativeConstructorAccessorImpl.newInstance(NativeConstructorAccessorImpl.java:77)
at java.base/jdk.internal.reflect.DelegatingConstructorAccessorImpl.newInstance(DelegatingConstructorAccessorImpl.java:45)
at java.base/java.lang.reflect.Constructor.newInstanceWithCaller(Constructor.java:499)
at java.base/java.lang.reflect.Constructor.newInstance(Constructor.java:480)
at org.openqa.selenium.remote.codec.w3c.W3CHttpResponseCodec.createException(W3CHttpResponseCodec.java:199)
at org.openqa.selenium.remote.codec.w3c.W3CHttpResponseCodec.decode(W3CHttpResponseCodec.java:132)
at org.openqa.selenium.remote.codec.w3c.W3CHttpResponseCodec.decode(W3CHttpResponseCodec.java:51)
at org.openqa.selenium.remote.HttpCommandExecutor.execute(HttpCommandExecutor.java:191)
at org.openqa.selenium.remote.service.DriverCommandExecutor.invokeExecute(DriverCommandExecutor.java:196)
at org.openqa.selenium.remote.service.DriverCommandExecutor.execute(DriverCommandExecutor.java:171)
at org.openqa.selenium.remote.RemoteWebDriver.execute(RemoteWebDriver.java:531)
at org.openqa.selenium.remote.RemoteWebElement.execute(RemoteWebElement.java:242)
at org.openqa.selenium.remote.RemoteWebElement.click(RemoteWebElement.java:77)
at jdk.internal.reflect.GeneratedMethodAccessor7.invoke(Unknown Source)
at java.base/jdk.internal.reflect.DelegatingMethodAccessorImpl.invoke(DelegatingMethodAccessorImpl.java:43)
at java.base/java.lang.reflect.Method.invoke(Method.java:568)
at org.openqa.selenium.support.pagefactory.internal.LocatingElementHandler.invoke(LocatingElementHandler.java:51)
at jdk.proxy2/jdk.proxy2.$Proxy22.click(Unknown Source)
at com.jbkqa.pageObjects.SignUpPage.dashboardPage(SignUpPage.java:121)
at com.jbkqa.testCases.TC_32_SignUpDataDrivenTest.SignUpDataDrivenTest(TC_32_SignUpDataDrivenTest.java:54)
at java.base/jdk.internal.reflect.NativeMethodAccessorImpl.invoke0(Native Method)
at java.base/jdk.internal.reflect.NativeMethodAccessorImpl.invoke(NativeMethodAccessorImpl.java:77)
at java.base/jdk.internal.reflect.DelegatingMethodAccessorImpl.invoke(DelegatingMethodAccessorImpl.java:43)
at java.base/java.lang.reflect.Method.invoke(Method.java:568)
at org.testng.internal.invokers.MethodInvocationHelper.invokeMethod(MethodInvocationHelper.java:139)
at org.testng.internal.invokers.TestInvoker.invokeMethod(TestInvoker.java:664)
at org.testng.internal.invokers.TestInvoker.invokeTestMethod(TestInvoker.java:227)
at org.testng.internal.invokers.MethodRunner.runInSequence(MethodRunner.java:50)
at org.testng.internal.invokers.TestInvoker$MethodInvocationAgent.invoke(TestInvoker.java:957)
at org.testng.internal.invokers.TestInvoker.invokeTestMethods(TestInvoker.java:200)
at org.testng.internal.invokers.TestMethodWorker.invokeTestMethods(TestMethodWorker.java:148)
at org.testng.internal.invokers.TestMethodWorker.run(TestMethodWorker.java:128)
at java.base/java.util.ArrayList.forEach(ArrayList.java:1511)
at org.testng.TestRunner.privateRun(TestRunner.java:848)
at org.testng.TestRunner.run(TestRunner.java:621)
at org.testng.SuiteRunner.runTest(SuiteRunner.java:443)
at org.testng.SuiteRunner.runSequentially(SuiteRunner.java:437)
at org.testng.SuiteRunner.privateRun(SuiteRunner.java:397)
at org.testng.SuiteRunner.run(SuiteRunner.java:336)
at org.testng.SuiteRunnerWorker.runSuite(SuiteRunnerWorker.java:52)
at org.testng.SuiteRunnerWorker.run(SuiteRunnerWorker.java:95)
at org.testng.TestNG.runSuitesSequentially(TestNG.java:1280)
at org.testng.TestNG.runSuitesLocally(TestNG.java:1200)
at org.testng.TestNG.runSuites(TestNG.java:1114)
at org.testng.TestNG.run(TestNG.java:1082)
at org.testng.remote.AbstractRemoteTestNG.run(AbstractRemoteTestNG.java:115)
at org.testng.remote.RemoteTestNG.initAndRun(RemoteTestNG.java:251)
at org.testng.remote.RemoteTestNG.main(RemoteTestNG.java:77)
]]>
            </full-stacktrace>
          </exception> <!-- org.openqa.selenium.ElementNotInteractableException -->
          <reporter-output>
          </reporter-output>
        </test-method> <!-- SignUpDataDrivenTest -->
        <test-method is-config="true" signature="signUpFailedScreenshot(org.testng.ITestResult)[pri:0, instance:com.jbkqa.testCases.TC_32_SignUpDataDrivenTest@55cf0d14]" started-at="2023-07-19T11:24:02 IST" name="signUpFailedScreenshot" finished-at="2023-07-19T11:24:02 IST" duration-ms="176" status="PASS">
          <params>
            <param index="0">
              <value>
                <![CDATA[[TestResult name=SignUpDataDrivenTest status=FAILURE method=TC_32_SignUpDataDrivenTest.SignUpDataDrivenTest(java.lang.String,java.lang.String,java.lang.String)[pri:0, instance:com.jbkqa.testCases.TC_32_SignUpDataDrivenTest@55cf0d14] output={null}]]]>
              </value>
            </param>
          </params>
          <reporter-output>
          </reporter-output>
        </test-method> <!-- signUpFailedScreenshot -->
        <test-method signature="SignUpDataDrivenTest(java.lang.String,java.lang.String,java.lang.String)[pri:0, instance:com.jbkqa.testCases.TC_32_SignUpDataDrivenTest@55cf0d14]" started-at="2023-07-19T11:24:02 IST" name="SignUpDataDrivenTest" data-provider="jbkSignUpData" finished-at="2023-07-19T11:24:22 IST" duration-ms="20342" status="FAIL">
          <params>
            <param index="0">
              <value>
                <![CDATA[Rita]]>
              </value>
            </param>
            <param index="1">
              <value>
                <![CDATA[rita@rediffmail.com]]>
              </value>
            </param>
            <param index="2">
              <value>
                <![CDATA[8780224356]]>
              </value>
            </param>
          </params>
          <exception class="org.openqa.selenium.ElementNotInteractableException">
            <message>
              <![CDATA[element not interactable
  (Session info: chrome=114.0.5735.198)
Build info: version: '4.10.0', revision: 'c14d967899'
System info: os.name: 'Mac OS X', os.arch: 'aarch64', os.version: '13.4.1', java.version: '17.0.6'
Driver info: org.openqa.selenium.chrome.ChromeDriver
Command: [2d1f3545531f3b374f9e2492635e766b, clickElement {id=0D7AB4CCA78DA405DCD554B55A82CC57_element_228}]
Capabilities {acceptInsecureCerts: false, browserName: chrome, browserVersion: 114.0.5735.198, chrome: {chromedriverVersion: 114.0.5735.90 (386bc09e8f4f..., userDataDir: /var/folders/fs/n37ljzgx7g7...}, goog:chromeOptions: {debuggerAddress: localhost:56014}, networkConnectionEnabled: false, pageLoadStrategy: normal, platformName: mac, proxy: Proxy(), se:cdp: ws://localhost:56014/devtoo..., se:cdpVersion: 114.0.5735.198, setWindowRect: true, strictFileInteractability: false, timeouts: {implicit: 0, pageLoad: 300000, script: 30000}, unhandledPromptBehavior: dismiss and notify, webauthn:extension:credBlob: true, webauthn:extension:largeBlob: true, webauthn:extension:minPinLength: true, webauthn:extension:prf: true, webauthn:virtualAuthenticators: true}
Element: [[ChromeDriver: chrome on mac (2d1f3545531f3b374f9e2492635e766b)] -> xpath: //a[contains(@href,'/dashboard')]]
Session ID: 2d1f3545531f3b374f9e2492635e766b]]>
            </message>
            <full-stacktrace>
              <![CDATA[org.openqa.selenium.ElementNotInteractableException: element not interactable
  (Session info: chrome=114.0.5735.198)
Build info: version: '4.10.0', revision: 'c14d967899'
System info: os.name: 'Mac OS X', os.arch: 'aarch64', os.version: '13.4.1', java.version: '17.0.6'
Driver info: org.openqa.selenium.chrome.ChromeDriver
Command: [2d1f3545531f3b374f9e2492635e766b, clickElement {id=0D7AB4CCA78DA405DCD554B55A82CC57_element_228}]
Capabilities {acceptInsecureCerts: false, browserName: chrome, browserVersion: 114.0.5735.198, chrome: {chromedriverVersion: 114.0.5735.90 (386bc09e8f4f..., userDataDir: /var/folders/fs/n37ljzgx7g7...}, goog:chromeOptions: {debuggerAddress: localhost:56014}, networkConnectionEnabled: false, pageLoadStrategy: normal, platformName: mac, proxy: Proxy(), se:cdp: ws://localhost:56014/devtoo..., se:cdpVersion: 114.0.5735.198, setWindowRect: true, strictFileInteractability: false, timeouts: {implicit: 0, pageLoad: 300000, script: 30000}, unhandledPromptBehavior: dismiss and notify, webauthn:extension:credBlob: true, webauthn:extension:largeBlob: true, webauthn:extension:minPinLength: true, webauthn:extension:prf: true, webauthn:virtualAuthenticators: true}
Element: [[ChromeDriver: chrome on mac (2d1f3545531f3b374f9e2492635e766b)] -> xpath: //a[contains(@href,'/dashboard')]]
Session ID: 2d1f3545531f3b374f9e2492635e766b
at java.base/jdk.internal.reflect.NativeConstructorAccessorImpl.newInstance0(Native Method)
at java.base/jdk.internal.reflect.NativeConstructorAccessorImpl.newInstance(NativeConstructorAccessorImpl.java:77)
at java.base/jdk.internal.reflect.DelegatingConstructorAccessorImpl.newInstance(DelegatingConstructorAccessorImpl.java:45)
at java.base/java.lang.reflect.Constructor.newInstanceWithCaller(Constructor.java:499)
at java.base/java.lang.reflect.Constructor.newInstance(Constructor.java:480)
at org.openqa.selenium.remote.codec.w3c.W3CHttpResponseCodec.createException(W3CHttpResponseCodec.java:199)
at org.openqa.selenium.remote.codec.w3c.W3CHttpResponseCodec.decode(W3CHttpResponseCodec.java:132)
at org.openqa.selenium.remote.codec.w3c.W3CHttpResponseCodec.decode(W3CHttpResponseCodec.java:51)
at org.openqa.selenium.remote.HttpCommandExecutor.execute(HttpCommandExecutor.java:191)
at org.openqa.selenium.remote.service.DriverCommandExecutor.invokeExecute(DriverCommandExecutor.java:196)
at org.openqa.selenium.remote.service.DriverCommandExecutor.execute(DriverCommandExecutor.java:171)
at org.openqa.selenium.remote.RemoteWebDriver.execute(RemoteWebDriver.java:531)
at org.openqa.selenium.remote.RemoteWebElement.execute(RemoteWebElement.java:242)
at org.openqa.selenium.remote.RemoteWebElement.click(RemoteWebElement.java:77)
at jdk.internal.reflect.GeneratedMethodAccessor7.invoke(Unknown Source)
at java.base/jdk.internal.reflect.DelegatingMethodAccessorImpl.invoke(DelegatingMethodAccessorImpl.java:43)
at java.base/java.lang.reflect.Method.invoke(Method.java:568)
at org.openqa.selenium.support.pagefactory.internal.LocatingElementHandler.invoke(LocatingElementHandler.java:51)
at jdk.proxy2/jdk.proxy2.$Proxy22.click(Unknown Source)
at com.jbkqa.pageObjects.SignUpPage.dashboardPage(SignUpPage.java:121)
at com.jbkqa.testCases.TC_32_SignUpDataDrivenTest.SignUpDataDrivenTest(TC_32_SignUpDataDrivenTest.java:54)
at java.base/jdk.internal.reflect.NativeMethodAccessorImpl.invoke0(Native Method)
at java.base/jdk.internal.reflect.NativeMethodAccessorImpl.invoke(NativeMethodAccessorImpl.java:77)
at java.base/jdk.internal.reflect.DelegatingMethodAccessorImpl.invoke(DelegatingMethodAccessorImpl.java:43)
at java.base/java.lang.reflect.Method.invoke(Method.java:568)
at org.testng.internal.invokers.MethodInvocationHelper.invokeMethod(MethodInvocationHelper.java:139)
at org.testng.internal.invokers.TestInvoker.invokeMethod(TestInvoker.java:664)
at org.testng.internal.invokers.TestInvoker.invokeTestMethod(TestInvoker.java:227)
at org.testng.internal.invokers.MethodRunner.runInSequence(MethodRunner.java:50)
at org.testng.internal.invokers.TestInvoker$MethodInvocationAgent.invoke(TestInvoker.java:957)
at org.testng.internal.invokers.TestInvoker.invokeTestMethods(TestInvoker.java:200)
at org.testng.internal.invokers.TestMethodWorker.invokeTestMethods(TestMethodWorker.java:148)
at org.testng.internal.invokers.TestMethodWorker.run(TestMethodWorker.java:128)
at java.base/java.util.ArrayList.forEach(ArrayList.java:1511)
at org.testng.TestRunner.privateRun(TestRunner.java:848)
at org.testng.TestRunner.run(TestRunner.java:621)
at org.testng.SuiteRunner.runTest(SuiteRunner.java:443)
at org.testng.SuiteRunner.runSequentially(SuiteRunner.java:437)
at org.testng.SuiteRunner.privateRun(SuiteRunner.java:397)
at org.testng.SuiteRunner.run(SuiteRunner.java:336)
at org.testng.SuiteRunnerWorker.runSuite(SuiteRunnerWorker.java:52)
at org.testng.SuiteRunnerWorker.run(SuiteRunnerWorker.java:95)
at org.testng.TestNG.runSuitesSequentially(TestNG.java:1280)
at org.testng.TestNG.runSuitesLocally(TestNG.java:1200)
at org.testng.TestNG.runSuites(TestNG.java:1114)
at org.testng.TestNG.run(TestNG.java:1082)
at org.testng.remote.AbstractRemoteTestNG.run(AbstractRemoteTestNG.java:115)
at org.testng.remote.RemoteTestNG.initAndRun(RemoteTestNG.java:251)
at org.testng.remote.RemoteTestNG.main(RemoteTestNG.java:77)
]]>
            </full-stacktrace>
          </exception> <!-- org.openqa.selenium.ElementNotInteractableException -->
          <reporter-output>
          </reporter-output>
        </test-method> <!-- SignUpDataDrivenTest -->
        <test-method is-config="true" signature="signUpFailedScreenshot(org.testng.ITestResult)[pri:0, instance:com.jbkqa.testCases.TC_32_SignUpDataDrivenTest@55cf0d14]" started-at="2023-07-19T11:24:22 IST" name="signUpFailedScreenshot" finished-at="2023-07-19T11:24:22 IST" duration-ms="179" status="PASS">
          <params>
            <param index="0">
              <value>
                <![CDATA[[TestResult name=SignUpDataDrivenTest status=FAILURE method=TC_32_SignUpDataDrivenTest.SignUpDataDrivenTest(java.lang.String,java.lang.String,java.lang.String)[pri:0, instance:com.jbkqa.testCases.TC_32_SignUpDataDrivenTest@55cf0d14] output={null}]]]>
              </value>
            </param>
          </params>
          <reporter-output>
          </reporter-output>
        </test-method> <!-- signUpFailedScreenshot -->
        <test-method is-config="true" signature="tearDown()[pri:0, instance:com.jbkqa.testCases.TC_32_SignUpDataDrivenTest@55cf0d14]" started-at="2023-07-19T11:24:22 IST" name="tearDown" finished-at="2023-07-19T11:24:23 IST" duration-ms="125" status="PASS">
          <reporter-output>
          </reporter-output>
        </test-method> <!-- tearDown -->
      </class> <!-- com.jbkqa.testCases.TC_32_SignUpDataDrivenTest -->
      <class name="com.jbkqa.testCases.TC_24_ArithmeticAptitudeQuizForAll_102025QueOptions">
        <test-method is-config="true" signature="setUp()[pri:0, instance:com.jbkqa.testCases.TC_24_ArithmeticAptitudeQuizForAll_102025QueOptions@490caf5f]" started-at="2023-07-19T10:41:41 IST" name="setUp" finished-at="2023-07-19T10:41:42 IST" duration-ms="1276" status="PASS">
          <reporter-output>
          </reporter-output>
        </test-method> <!-- setUp -->
        <test-method signature="ArithmeticAptitudeQuizTest()[pri:0, instance:com.jbkqa.testCases.TC_24_ArithmeticAptitudeQuizForAll_102025QueOptions@490caf5f]" started-at="2023-07-19T10:41:42 IST" name="ArithmeticAptitudeQuizTest" finished-at="2023-07-19T11:05:27 IST" duration-ms="1425400" status="PASS">
          <reporter-output>
          </reporter-output>
        </test-method> <!-- ArithmeticAptitudeQuizTest -->
        <test-method is-config="true" signature="tearDown()[pri:0, instance:com.jbkqa.testCases.TC_24_ArithmeticAptitudeQuizForAll_102025QueOptions@490caf5f]" started-at="2023-07-19T11:05:27 IST" name="tearDown" finished-at="2023-07-19T11:05:27 IST" duration-ms="136" status="PASS">
          <reporter-output>
          </reporter-output>
        </test-method> <!-- tearDown -->
      </class> <!-- com.jbkqa.testCases.TC_24_ArithmeticAptitudeQuizForAll_102025QueOptions -->
      <class name="com.jbkqa.testCases.TC_20_AptitudeQuizTestForAll_102025QueOptions">
        <test-method is-config="true" signature="setUp()[pri:0, instance:com.jbkqa.testCases.TC_20_AptitudeQuizTestForAll_102025QueOptions@616ac46a]" started-at="2023-07-19T10:35:35 IST" name="setUp" finished-at="2023-07-19T10:35:36 IST" duration-ms="1317" status="PASS">
          <reporter-output>
          </reporter-output>
        </test-method> <!-- setUp -->
        <test-method signature="AptitudeQuizTest()[pri:0, instance:com.jbkqa.testCases.TC_20_AptitudeQuizTestForAll_102025QueOptions@616ac46a]" started-at="2023-07-19T10:35:36 IST" name="AptitudeQuizTest" finished-at="2023-07-19T10:39:27 IST" duration-ms="231574" status="PASS">
          <reporter-output>
          </reporter-output>
        </test-method> <!-- AptitudeQuizTest -->
        <test-method is-config="true" signature="tearDown()[pri:0, instance:com.jbkqa.testCases.TC_20_AptitudeQuizTestForAll_102025QueOptions@616ac46a]" started-at="2023-07-19T10:39:27 IST" name="tearDown" finished-at="2023-07-19T10:39:28 IST" duration-ms="131" status="PASS">
          <reporter-output>
          </reporter-output>
        </test-method> <!-- tearDown -->
      </class> <!-- com.jbkqa.testCases.TC_20_AptitudeQuizTestForAll_102025QueOptions -->
    </test> <!-- QuizApp Test -->
  </suite> <!-- jbkQASuite -->
</testng-results>
